[2025-10-25T17:00:01.690+0200] {local_task_job_runner.py:123} INFO - ::group::Pre task execution logs
[2025-10-25T17:00:01.724+0200] {taskinstance.py:2612} INFO - Dependencies all met for dep_context=non-requeueable deps ti=<TaskInstance: dbt_hourly_refresh.run_dbt_models scheduled__2025-10-25T14:00:00+00:00 [queued]>
[2025-10-25T17:00:01.738+0200] {taskinstance.py:2612} INFO - Dependencies all met for dep_context=requeueable deps ti=<TaskInstance: dbt_hourly_refresh.run_dbt_models scheduled__2025-10-25T14:00:00+00:00 [queued]>
[2025-10-25T17:00:01.739+0200] {taskinstance.py:2865} INFO - Starting attempt 1 of 2
[2025-10-25T17:00:01.762+0200] {taskinstance.py:2888} INFO - Executing <Task(BashOperator): run_dbt_models> on 2025-10-25 14:00:00+00:00
[2025-10-25T17:00:01.777+0200] {standard_task_runner.py:104} INFO - Running: ['***', 'tasks', 'run', 'dbt_hourly_refresh', 'run_dbt_models', 'scheduled__2025-10-25T14:00:00+00:00', '--job-id', '50', '--raw', '--subdir', 'DAGS_FOLDER/dbt_hourly_refresh_dag.py', '--cfg-path', '/tmp/tmpzo0ofpd7']
[2025-10-25T17:00:01.784+0200] {standard_task_runner.py:105} INFO - Job 50: Subtask run_dbt_models
[2025-10-25T17:00:01.787+0200] {logging_mixin.py:190} WARNING - /home/***/.local/lib/python3.12/site-packages/***/task/task_runner/standard_task_runner.py:70 DeprecationWarning: This process (pid=1496) is multi-threaded, use of fork() may lead to deadlocks in the child.
[2025-10-25T17:00:01.789+0200] {standard_task_runner.py:72} INFO - Started process 1497 to run task
[2025-10-25T17:00:01.893+0200] {task_command.py:467} INFO - Running <TaskInstance: dbt_hourly_refresh.run_dbt_models scheduled__2025-10-25T14:00:00+00:00 [running]> on host 197aef1bec7d
[2025-10-25T17:00:02.186+0200] {taskinstance.py:3131} INFO - Exporting env vars: AIRFLOW_CTX_DAG_OWNER='Aliostadi' AIRFLOW_CTX_DAG_ID='dbt_hourly_refresh' AIRFLOW_CTX_TASK_ID='run_dbt_models' AIRFLOW_CTX_EXECUTION_DATE='2025-10-25T14:00:00+00:00' AIRFLOW_CTX_TRY_NUMBER='1' AIRFLOW_CTX_DAG_RUN_ID='scheduled__2025-10-25T14:00:00+00:00'
[2025-10-25T17:00:02.188+0200] {taskinstance.py:731} INFO - ::endgroup::
[2025-10-25T17:00:02.366+0200] {subprocess.py:63} INFO - Tmp dir root location: /tmp
[2025-10-25T17:00:02.373+0200] {subprocess.py:75} INFO - Running command: ['/usr/bin/bash', '-c', 'cd /opt/***/dbt_project && dbt clean && dbt run --full-refresh']
[2025-10-25T17:00:02.429+0200] {subprocess.py:86} INFO - Output:
[2025-10-25T17:00:10.642+0200] {subprocess.py:93} INFO - [0m15:00:10  Running with dbt=1.8.3
[2025-10-25T17:00:11.757+0200] {subprocess.py:93} INFO - [0m15:00:11  Checking /opt/***/dbt_project/target/*
[2025-10-25T17:00:11.773+0200] {subprocess.py:93} INFO - [0m15:00:11  Cleaned /opt/***/dbt_project/target/*
[2025-10-25T17:00:11.774+0200] {subprocess.py:93} INFO - [0m15:00:11  Checking /opt/***/dbt_project/dbt_packages/*
[2025-10-25T17:00:11.775+0200] {subprocess.py:93} INFO - [0m15:00:11  Cleaned /opt/***/dbt_project/dbt_packages/*
[2025-10-25T17:00:11.776+0200] {subprocess.py:93} INFO - [0m15:00:11  Finished cleaning all paths.
[2025-10-25T17:00:21.127+0200] {subprocess.py:93} INFO - [0m15:00:21  Running with dbt=1.8.3
[2025-10-25T17:00:22.391+0200] {subprocess.py:93} INFO - [0m15:00:22  Registered adapter: postgres=1.8.2
[2025-10-25T17:00:22.749+0200] {subprocess.py:93} INFO - [0m15:00:22  Unable to do partial parsing because saved manifest not found. Starting full parse.
[2025-10-25T17:00:24.801+0200] {subprocess.py:93} INFO - [0m15:00:24  [[33mWARNING[0m]: Deprecated functionality
[2025-10-25T17:00:24.802+0200] {subprocess.py:93} INFO - The `tests` config has been renamed to `data_tests`. Please see
[2025-10-25T17:00:24.802+0200] {subprocess.py:93} INFO - https://docs.getdbt.com/docs/build/data-tests#new-data_tests-syntax for more
[2025-10-25T17:00:24.802+0200] {subprocess.py:93} INFO - information.
[2025-10-25T17:00:25.723+0200] {subprocess.py:93} INFO - [0m15:00:25  [[33mWARNING[0m]: Configuration paths exist in your dbt_project.yml file which do not apply to any resources.
[2025-10-25T17:00:25.725+0200] {subprocess.py:93} INFO - There are 1 unused configuration paths:
[2025-10-25T17:00:25.726+0200] {subprocess.py:93} INFO - - models.intermediters
[2025-10-25T17:00:26.979+0200] {subprocess.py:93} INFO - [0m15:00:26  Found 3 models, 6 data tests, 3 sources, 428 macros
[2025-10-25T17:00:26.989+0200] {subprocess.py:93} INFO - [0m15:00:26
[2025-10-25T17:00:28.062+0200] {subprocess.py:93} INFO - [0m15:00:28  Concurrency: 4 threads (target='dev')
[2025-10-25T17:00:28.078+0200] {subprocess.py:93} INFO - [0m15:00:28
[2025-10-25T17:00:28.176+0200] {subprocess.py:93} INFO - [0m15:00:28  1 of 3 START sql incremental model analytics.int_performance_station_hour ...... [RUN]
[2025-10-25T17:00:28.181+0200] {subprocess.py:93} INFO - [0m15:00:28  2 of 3 START sql incremental model analytics.int_quality_station_hour .......... [RUN]
[2025-10-25T17:00:35.625+0200] {subprocess.py:93} INFO - [0m15:00:35  1 of 3 OK created sql incremental model analytics.int_performance_station_hour . [[32mSELECT 3083[0m in 7.41s]
[2025-10-25T17:00:47.456+0200] {subprocess.py:93} INFO - [0m15:00:47  2 of 3 OK created sql incremental model analytics.int_quality_station_hour ..... [[32mSELECT 3083[0m in 19.26s]
[2025-10-25T17:00:47.464+0200] {subprocess.py:93} INFO - [0m15:00:47  3 of 3 START sql incremental model analytics.int_quality_linewise_datehour ..... [RUN]
[2025-10-25T17:00:48.903+0200] {subprocess.py:93} INFO - [0m15:00:48  3 of 3 OK created sql incremental model analytics.int_quality_linewise_datehour  [[32mSELECT 395[0m in 1.43s]
[2025-10-25T17:00:49.136+0200] {subprocess.py:93} INFO - [0m15:00:49
[2025-10-25T17:00:49.137+0200] {subprocess.py:93} INFO - [0m15:00:49  Finished running 3 incremental models in 0 hours 0 minutes and 22.15 seconds (22.15s).
[2025-10-25T17:00:49.246+0200] {subprocess.py:93} INFO - [0m15:00:49
[2025-10-25T17:00:49.248+0200] {subprocess.py:93} INFO - [0m15:00:49  [32mCompleted successfully[0m
[2025-10-25T17:00:49.249+0200] {subprocess.py:93} INFO - [0m15:00:49
[2025-10-25T17:00:49.251+0200] {subprocess.py:93} INFO - [0m15:00:49  Done. PASS=3 WARN=0 ERROR=0 SKIP=0 TOTAL=3
[2025-10-25T17:00:50.886+0200] {subprocess.py:97} INFO - Command exited with return code 0
[2025-10-25T17:00:51.126+0200] {taskinstance.py:340} INFO - ::group::Post task execution logs
[2025-10-25T17:00:51.127+0200] {taskinstance.py:352} INFO - Marking task as SUCCESS. dag_id=dbt_hourly_refresh, task_id=run_dbt_models, run_id=scheduled__2025-10-25T14:00:00+00:00, execution_date=20251025T140000, start_date=20251025T150001, end_date=20251025T150051
[2025-10-25T17:00:51.212+0200] {local_task_job_runner.py:266} INFO - Task exited with return code 0
[2025-10-25T17:00:51.318+0200] {taskinstance.py:3900} INFO - 0 downstream tasks scheduled from follow-on schedule check
[2025-10-25T17:00:51.323+0200] {local_task_job_runner.py:245} INFO - ::endgroup::
