[2025-10-25T19:00:01.241+0200] {local_task_job_runner.py:123} INFO - ::group::Pre task execution logs
[2025-10-25T19:00:01.273+0200] {taskinstance.py:2612} INFO - Dependencies all met for dep_context=non-requeueable deps ti=<TaskInstance: dbt_hourly_refresh.run_dbt_models scheduled__2025-10-25T16:00:00+00:00 [queued]>
[2025-10-25T19:00:01.284+0200] {taskinstance.py:2612} INFO - Dependencies all met for dep_context=requeueable deps ti=<TaskInstance: dbt_hourly_refresh.run_dbt_models scheduled__2025-10-25T16:00:00+00:00 [queued]>
[2025-10-25T19:00:01.285+0200] {taskinstance.py:2865} INFO - Starting attempt 1 of 2
[2025-10-25T19:00:01.304+0200] {taskinstance.py:2888} INFO - Executing <Task(BashOperator): run_dbt_models> on 2025-10-25 16:00:00+00:00
[2025-10-25T19:00:01.316+0200] {standard_task_runner.py:104} INFO - Running: ['***', 'tasks', 'run', 'dbt_hourly_refresh', 'run_dbt_models', 'scheduled__2025-10-25T16:00:00+00:00', '--job-id', '53', '--raw', '--subdir', 'DAGS_FOLDER/dbt_hourly_refresh_dag.py', '--cfg-path', '/tmp/tmp9kfbnrzs']
[2025-10-25T19:00:01.321+0200] {standard_task_runner.py:105} INFO - Job 53: Subtask run_dbt_models
[2025-10-25T19:00:01.322+0200] {logging_mixin.py:190} WARNING - /home/***/.local/lib/python3.12/site-packages/***/task/task_runner/standard_task_runner.py:70 DeprecationWarning: This process (pid=2624) is multi-threaded, use of fork() may lead to deadlocks in the child.
[2025-10-25T19:00:01.323+0200] {standard_task_runner.py:72} INFO - Started process 2625 to run task
[2025-10-25T19:00:01.405+0200] {task_command.py:467} INFO - Running <TaskInstance: dbt_hourly_refresh.run_dbt_models scheduled__2025-10-25T16:00:00+00:00 [running]> on host 197aef1bec7d
[2025-10-25T19:00:01.604+0200] {taskinstance.py:3131} INFO - Exporting env vars: AIRFLOW_CTX_DAG_OWNER='Aliostadi' AIRFLOW_CTX_DAG_ID='dbt_hourly_refresh' AIRFLOW_CTX_TASK_ID='run_dbt_models' AIRFLOW_CTX_EXECUTION_DATE='2025-10-25T16:00:00+00:00' AIRFLOW_CTX_TRY_NUMBER='1' AIRFLOW_CTX_DAG_RUN_ID='scheduled__2025-10-25T16:00:00+00:00'
[2025-10-25T19:00:01.605+0200] {taskinstance.py:731} INFO - ::endgroup::
[2025-10-25T19:00:01.691+0200] {subprocess.py:63} INFO - Tmp dir root location: /tmp
[2025-10-25T19:00:01.693+0200] {subprocess.py:75} INFO - Running command: ['/usr/bin/bash', '-c', 'cd /opt/***/dbt_project && dbt clean && dbt run --full-refresh']
[2025-10-25T19:00:01.712+0200] {subprocess.py:86} INFO - Output:
[2025-10-25T19:00:06.927+0200] {subprocess.py:93} INFO - [0m17:00:06  Running with dbt=1.8.3
[2025-10-25T19:00:07.379+0200] {subprocess.py:93} INFO - [0m17:00:07  Checking /opt/***/dbt_project/dbt_packages/*
[2025-10-25T19:00:07.380+0200] {subprocess.py:93} INFO - [0m17:00:07  Cleaned /opt/***/dbt_project/dbt_packages/*
[2025-10-25T19:00:07.380+0200] {subprocess.py:93} INFO - [0m17:00:07  Checking /opt/***/dbt_project/target/*
[2025-10-25T19:00:07.385+0200] {subprocess.py:93} INFO - [0m17:00:07  Cleaned /opt/***/dbt_project/target/*
[2025-10-25T19:00:07.385+0200] {subprocess.py:93} INFO - [0m17:00:07  Finished cleaning all paths.
[2025-10-25T19:00:13.321+0200] {subprocess.py:93} INFO - [0m17:00:13  Running with dbt=1.8.3
[2025-10-25T19:00:14.201+0200] {subprocess.py:93} INFO - [0m17:00:14  Registered adapter: postgres=1.8.2
[2025-10-25T19:00:14.364+0200] {subprocess.py:93} INFO - [0m17:00:14  Unable to do partial parsing because saved manifest not found. Starting full parse.
[2025-10-25T19:00:16.010+0200] {subprocess.py:93} INFO - [0m17:00:16  [[33mWARNING[0m]: Deprecated functionality
[2025-10-25T19:00:16.011+0200] {subprocess.py:93} INFO - The `tests` config has been renamed to `data_tests`. Please see
[2025-10-25T19:00:16.011+0200] {subprocess.py:93} INFO - https://docs.getdbt.com/docs/build/data-tests#new-data_tests-syntax for more
[2025-10-25T19:00:16.011+0200] {subprocess.py:93} INFO - information.
[2025-10-25T19:00:16.630+0200] {subprocess.py:93} INFO - [0m17:00:16  [[33mWARNING[0m]: Configuration paths exist in your dbt_project.yml file which do not apply to any resources.
[2025-10-25T19:00:16.631+0200] {subprocess.py:93} INFO - There are 1 unused configuration paths:
[2025-10-25T19:00:16.631+0200] {subprocess.py:93} INFO - - models.intermediters
[2025-10-25T19:00:16.896+0200] {subprocess.py:93} INFO - [0m17:00:16  Found 3 models, 6 data tests, 3 sources, 428 macros
[2025-10-25T19:00:16.899+0200] {subprocess.py:93} INFO - [0m17:00:16
[2025-10-25T19:00:17.108+0200] {subprocess.py:93} INFO - [0m17:00:17  Concurrency: 4 threads (target='dev')
[2025-10-25T19:00:17.108+0200] {subprocess.py:93} INFO - [0m17:00:17
[2025-10-25T19:00:17.125+0200] {subprocess.py:93} INFO - [0m17:00:17  1 of 3 START sql incremental model analytics.int_performance_station_hour ...... [RUN]
[2025-10-25T19:00:17.133+0200] {subprocess.py:93} INFO - [0m17:00:17  2 of 3 START sql incremental model analytics.int_quality_station_hour .......... [RUN]
[2025-10-25T19:00:18.333+0200] {subprocess.py:93} INFO - [0m17:00:18  1 of 3 OK created sql incremental model analytics.int_performance_station_hour . [[32mSELECT 3083[0m in 1.20s]
[2025-10-25T19:00:27.113+0200] {subprocess.py:93} INFO - [0m17:00:27  2 of 3 OK created sql incremental model analytics.int_quality_station_hour ..... [[32mSELECT 3083[0m in 9.97s]
[2025-10-25T19:00:27.122+0200] {subprocess.py:93} INFO - [0m17:00:27  3 of 3 START sql incremental model analytics.int_quality_linewise_datehour ..... [RUN]
[2025-10-25T19:00:27.880+0200] {subprocess.py:93} INFO - [0m17:00:27  3 of 3 OK created sql incremental model analytics.int_quality_linewise_datehour  [[32mSELECT 395[0m in 0.76s]
[2025-10-25T19:00:27.914+0200] {subprocess.py:93} INFO - [0m17:00:27
[2025-10-25T19:00:27.914+0200] {subprocess.py:93} INFO - [0m17:00:27  Finished running 3 incremental models in 0 hours 0 minutes and 11.01 seconds (11.01s).
[2025-10-25T19:00:27.980+0200] {subprocess.py:93} INFO - [0m17:00:27
[2025-10-25T19:00:27.981+0200] {subprocess.py:93} INFO - [0m17:00:27  [32mCompleted successfully[0m
[2025-10-25T19:00:27.982+0200] {subprocess.py:93} INFO - [0m17:00:27
[2025-10-25T19:00:27.983+0200] {subprocess.py:93} INFO - [0m17:00:27  Done. PASS=3 WARN=0 ERROR=0 SKIP=0 TOTAL=3
[2025-10-25T19:00:29.172+0200] {subprocess.py:97} INFO - Command exited with return code 0
[2025-10-25T19:00:29.213+0200] {taskinstance.py:340} INFO - ::group::Post task execution logs
[2025-10-25T19:00:29.214+0200] {taskinstance.py:352} INFO - Marking task as SUCCESS. dag_id=dbt_hourly_refresh, task_id=run_dbt_models, run_id=scheduled__2025-10-25T16:00:00+00:00, execution_date=20251025T160000, start_date=20251025T170001, end_date=20251025T170029
[2025-10-25T19:00:29.256+0200] {local_task_job_runner.py:266} INFO - Task exited with return code 0
[2025-10-25T19:00:29.277+0200] {taskinstance.py:3900} INFO - 0 downstream tasks scheduled from follow-on schedule check
[2025-10-25T19:00:29.279+0200] {local_task_job_runner.py:245} INFO - ::endgroup::
