[2025-10-26T16:19:08.607+0100] {local_task_job_runner.py:123} INFO - ::group::Pre task execution logs
[2025-10-26T16:19:08.639+0100] {taskinstance.py:2612} INFO - Dependencies all met for dep_context=non-requeueable deps ti=<TaskInstance: dbt_hourly_refresh.run_dbt_models scheduled__2025-10-25T22:00:00+00:00 [queued]>
[2025-10-26T16:19:08.652+0100] {taskinstance.py:2612} INFO - Dependencies all met for dep_context=requeueable deps ti=<TaskInstance: dbt_hourly_refresh.run_dbt_models scheduled__2025-10-25T22:00:00+00:00 [queued]>
[2025-10-26T16:19:08.653+0100] {taskinstance.py:2865} INFO - Starting attempt 1 of 2
[2025-10-26T16:19:08.675+0100] {taskinstance.py:2888} INFO - Executing <Task(BashOperator): run_dbt_models> on 2025-10-25 22:00:00+00:00
[2025-10-26T16:19:08.689+0100] {standard_task_runner.py:104} INFO - Running: ['***', 'tasks', 'run', 'dbt_hourly_refresh', 'run_dbt_models', 'scheduled__2025-10-25T22:00:00+00:00', '--job-id', '60', '--raw', '--subdir', 'DAGS_FOLDER/dbt_hourly_refresh_dag.py', '--cfg-path', '/tmp/tmpjwjg74c4']
[2025-10-26T16:19:08.695+0100] {standard_task_runner.py:105} INFO - Job 60: Subtask run_dbt_models
[2025-10-26T16:19:08.697+0100] {logging_mixin.py:190} WARNING - /home/***/.local/lib/python3.12/site-packages/***/task/task_runner/standard_task_runner.py:70 DeprecationWarning: This process (pid=259) is multi-threaded, use of fork() may lead to deadlocks in the child.
[2025-10-26T16:19:08.698+0100] {standard_task_runner.py:72} INFO - Started process 261 to run task
[2025-10-26T16:19:08.787+0100] {task_command.py:467} INFO - Running <TaskInstance: dbt_hourly_refresh.run_dbt_models scheduled__2025-10-25T22:00:00+00:00 [running]> on host f229876aebe2
[2025-10-26T16:19:08.983+0100] {taskinstance.py:3131} INFO - Exporting env vars: AIRFLOW_CTX_DAG_OWNER='Aliostadi' AIRFLOW_CTX_DAG_ID='dbt_hourly_refresh' AIRFLOW_CTX_TASK_ID='run_dbt_models' AIRFLOW_CTX_EXECUTION_DATE='2025-10-25T22:00:00+00:00' AIRFLOW_CTX_TRY_NUMBER='1' AIRFLOW_CTX_DAG_RUN_ID='scheduled__2025-10-25T22:00:00+00:00'
[2025-10-26T16:19:08.984+0100] {taskinstance.py:731} INFO - ::endgroup::
[2025-10-26T16:19:09.182+0100] {subprocess.py:63} INFO - Tmp dir root location: /tmp
[2025-10-26T16:19:09.183+0100] {subprocess.py:75} INFO - Running command: ['/usr/bin/bash', '-c', 'cd /opt/***/dbt_project && dbt clean && dbt run --full-refresh']
[2025-10-26T16:19:09.195+0100] {subprocess.py:86} INFO - Output:
[2025-10-26T16:19:15.751+0100] {subprocess.py:93} INFO - [0m15:19:15  Running with dbt=1.8.3
[2025-10-26T16:19:16.142+0100] {subprocess.py:93} INFO - [0m15:19:16  Checking /opt/***/dbt_project/target/*
[2025-10-26T16:19:16.159+0100] {subprocess.py:93} INFO - [0m15:19:16  Cleaned /opt/***/dbt_project/target/*
[2025-10-26T16:19:16.160+0100] {subprocess.py:93} INFO - [0m15:19:16  Checking /opt/***/dbt_project/dbt_packages/*
[2025-10-26T16:19:16.160+0100] {subprocess.py:93} INFO - [0m15:19:16  Cleaned /opt/***/dbt_project/dbt_packages/*
[2025-10-26T16:19:16.161+0100] {subprocess.py:93} INFO - [0m15:19:16  Finished cleaning all paths.
[2025-10-26T16:19:21.129+0100] {subprocess.py:93} INFO - [0m15:19:21  Running with dbt=1.8.3
[2025-10-26T16:19:21.808+0100] {subprocess.py:93} INFO - [0m15:19:21  Registered adapter: postgres=1.8.2
[2025-10-26T16:19:22.130+0100] {subprocess.py:93} INFO - [0m15:19:22  Unable to do partial parsing because saved manifest not found. Starting full parse.
[2025-10-26T16:19:27.928+0100] {subprocess.py:93} INFO - [0m15:19:27  [[33mWARNING[0m]: Deprecated functionality
[2025-10-26T16:19:27.929+0100] {subprocess.py:93} INFO - The `tests` config has been renamed to `data_tests`. Please see
[2025-10-26T16:19:27.930+0100] {subprocess.py:93} INFO - https://docs.getdbt.com/docs/build/data-tests#new-data_tests-syntax for more
[2025-10-26T16:19:27.930+0100] {subprocess.py:93} INFO - information.
[2025-10-26T16:19:28.599+0100] {subprocess.py:93} INFO - [0m15:19:28  [[33mWARNING[0m]: Configuration paths exist in your dbt_project.yml file which do not apply to any resources.
[2025-10-26T16:19:28.599+0100] {subprocess.py:93} INFO - There are 1 unused configuration paths:
[2025-10-26T16:19:28.600+0100] {subprocess.py:93} INFO - - models.intermediters
[2025-10-26T16:19:28.976+0100] {subprocess.py:93} INFO - [0m15:19:28  Found 3 models, 6 data tests, 3 sources, 428 macros
[2025-10-26T16:19:28.980+0100] {subprocess.py:93} INFO - [0m15:19:28
[2025-10-26T16:19:29.178+0100] {subprocess.py:93} INFO - [0m15:19:29  Concurrency: 4 threads (target='dev')
[2025-10-26T16:19:29.180+0100] {subprocess.py:93} INFO - [0m15:19:29
[2025-10-26T16:19:29.201+0100] {subprocess.py:93} INFO - [0m15:19:29  1 of 3 START sql incremental model analytics.int_performance_station_hour ...... [RUN]
[2025-10-26T16:19:29.210+0100] {subprocess.py:93} INFO - [0m15:19:29  2 of 3 START sql incremental model analytics.int_quality_station_hour .......... [RUN]
[2025-10-26T16:19:31.601+0100] {subprocess.py:93} INFO - [0m15:19:31  1 of 3 OK created sql incremental model analytics.int_performance_station_hour . [[32mSELECT 3083[0m in 2.40s]
[2025-10-26T16:19:38.857+0100] {subprocess.py:93} INFO - [0m15:19:38  2 of 3 OK created sql incremental model analytics.int_quality_station_hour ..... [[32mSELECT 3083[0m in 9.64s]
[2025-10-26T16:19:38.866+0100] {subprocess.py:93} INFO - [0m15:19:38  3 of 3 START sql incremental model analytics.int_quality_linewise_datehour ..... [RUN]
[2025-10-26T16:19:39.867+0100] {subprocess.py:93} INFO - [0m15:19:39  3 of 3 OK created sql incremental model analytics.int_quality_linewise_datehour  [[32mSELECT 395[0m in 1.00s]
[2025-10-26T16:19:39.906+0100] {subprocess.py:93} INFO - [0m15:19:39
[2025-10-26T16:19:39.908+0100] {subprocess.py:93} INFO - [0m15:19:39  Finished running 3 incremental models in 0 hours 0 minutes and 10.92 seconds (10.92s).
[2025-10-26T16:19:39.984+0100] {subprocess.py:93} INFO - [0m15:19:39
[2025-10-26T16:19:39.985+0100] {subprocess.py:93} INFO - [0m15:19:39  [32mCompleted successfully[0m
[2025-10-26T16:19:39.985+0100] {subprocess.py:93} INFO - [0m15:19:39
[2025-10-26T16:19:39.986+0100] {subprocess.py:93} INFO - [0m15:19:39  Done. PASS=3 WARN=0 ERROR=0 SKIP=0 TOTAL=3
[2025-10-26T16:19:41.156+0100] {subprocess.py:97} INFO - Command exited with return code 0
[2025-10-26T16:19:41.432+0100] {taskinstance.py:340} INFO - ::group::Post task execution logs
[2025-10-26T16:19:41.433+0100] {taskinstance.py:352} INFO - Marking task as SUCCESS. dag_id=dbt_hourly_refresh, task_id=run_dbt_models, run_id=scheduled__2025-10-25T22:00:00+00:00, execution_date=20251025T220000, start_date=20251026T151908, end_date=20251026T151941
[2025-10-26T16:19:41.483+0100] {local_task_job_runner.py:266} INFO - Task exited with return code 0
[2025-10-26T16:19:41.530+0100] {taskinstance.py:3900} INFO - 0 downstream tasks scheduled from follow-on schedule check
[2025-10-26T16:19:41.535+0100] {local_task_job_runner.py:245} INFO - ::endgroup::
