[2025-10-28T00:00:02.475+0100] {local_task_job_runner.py:123} INFO - ::group::Pre task execution logs
[2025-10-28T00:00:02.526+0100] {taskinstance.py:2612} INFO - Dependencies all met for dep_context=non-requeueable deps ti=<TaskInstance: dbt_hourly_refresh.run_dbt_models scheduled__2025-10-27T22:00:00+00:00 [queued]>
[2025-10-28T00:00:02.552+0100] {taskinstance.py:2612} INFO - Dependencies all met for dep_context=requeueable deps ti=<TaskInstance: dbt_hourly_refresh.run_dbt_models scheduled__2025-10-27T22:00:00+00:00 [queued]>
[2025-10-28T00:00:02.552+0100] {taskinstance.py:2865} INFO - Starting attempt 1 of 2
[2025-10-28T00:00:02.586+0100] {taskinstance.py:2888} INFO - Executing <Task(BashOperator): run_dbt_models> on 2025-10-27 22:00:00+00:00
[2025-10-28T00:00:02.601+0100] {standard_task_runner.py:104} INFO - Running: ['***', 'tasks', 'run', 'dbt_hourly_refresh', 'run_dbt_models', 'scheduled__2025-10-27T22:00:00+00:00', '--job-id', '72', '--raw', '--subdir', 'DAGS_FOLDER/dbt_hourly_refresh_dag.py', '--cfg-path', '/tmp/tmp5_vyn9dm']
[2025-10-28T00:00:02.611+0100] {standard_task_runner.py:105} INFO - Job 72: Subtask run_dbt_models
[2025-10-28T00:00:02.614+0100] {logging_mixin.py:190} WARNING - /home/***/.local/lib/python3.12/site-packages/***/task/task_runner/standard_task_runner.py:70 DeprecationWarning: This process (pid=745) is multi-threaded, use of fork() may lead to deadlocks in the child.
[2025-10-28T00:00:02.616+0100] {standard_task_runner.py:72} INFO - Started process 746 to run task
[2025-10-28T00:00:02.756+0100] {task_command.py:467} INFO - Running <TaskInstance: dbt_hourly_refresh.run_dbt_models scheduled__2025-10-27T22:00:00+00:00 [running]> on host 889cad4fd12d
[2025-10-28T00:00:03.141+0100] {taskinstance.py:3131} INFO - Exporting env vars: AIRFLOW_CTX_DAG_OWNER='Aliostadi' AIRFLOW_CTX_DAG_ID='dbt_hourly_refresh' AIRFLOW_CTX_TASK_ID='run_dbt_models' AIRFLOW_CTX_EXECUTION_DATE='2025-10-27T22:00:00+00:00' AIRFLOW_CTX_TRY_NUMBER='1' AIRFLOW_CTX_DAG_RUN_ID='scheduled__2025-10-27T22:00:00+00:00'
[2025-10-28T00:00:03.145+0100] {taskinstance.py:731} INFO - ::endgroup::
[2025-10-28T00:00:03.290+0100] {subprocess.py:63} INFO - Tmp dir root location: /tmp
[2025-10-28T00:00:03.297+0100] {subprocess.py:75} INFO - Running command: ['/usr/bin/bash', '-c', 'cd /opt/***/dbt_project && dbt clean && dbt run --full-refresh']
[2025-10-28T00:00:03.330+0100] {subprocess.py:86} INFO - Output:
[2025-10-28T00:00:10.244+0100] {subprocess.py:93} INFO - [0m23:00:10  Running with dbt=1.8.3
[2025-10-28T00:00:10.701+0100] {subprocess.py:93} INFO - [0m23:00:10  Checking /opt/***/dbt_project/dbt_packages/*
[2025-10-28T00:00:10.702+0100] {subprocess.py:93} INFO - [0m23:00:10  Cleaned /opt/***/dbt_project/dbt_packages/*
[2025-10-28T00:00:10.702+0100] {subprocess.py:93} INFO - [0m23:00:10  Checking /opt/***/dbt_project/target/*
[2025-10-28T00:00:10.711+0100] {subprocess.py:93} INFO - [0m23:00:10  Cleaned /opt/***/dbt_project/target/*
[2025-10-28T00:00:10.711+0100] {subprocess.py:93} INFO - [0m23:00:10  Finished cleaning all paths.
[2025-10-28T00:00:14.574+0100] {subprocess.py:93} INFO - [0m23:00:14  Running with dbt=1.8.3
[2025-10-28T00:00:14.969+0100] {subprocess.py:93} INFO - [0m23:00:14  Registered adapter: postgres=1.8.2
[2025-10-28T00:00:15.127+0100] {subprocess.py:93} INFO - [0m23:00:15  Unable to do partial parsing because saved manifest not found. Starting full parse.
[2025-10-28T00:00:17.361+0100] {subprocess.py:93} INFO - [0m23:00:17  [[33mWARNING[0m]: Deprecated functionality
[2025-10-28T00:00:17.361+0100] {subprocess.py:93} INFO - The `tests` config has been renamed to `data_tests`. Please see
[2025-10-28T00:00:17.362+0100] {subprocess.py:93} INFO - https://docs.getdbt.com/docs/build/data-tests#new-data_tests-syntax for more
[2025-10-28T00:00:17.362+0100] {subprocess.py:93} INFO - information.
[2025-10-28T00:00:18.216+0100] {subprocess.py:93} INFO - [0m23:00:18  [[33mWARNING[0m]: Configuration paths exist in your dbt_project.yml file which do not apply to any resources.
[2025-10-28T00:00:18.217+0100] {subprocess.py:93} INFO - There are 1 unused configuration paths:
[2025-10-28T00:00:18.217+0100] {subprocess.py:93} INFO - - models.intermediters
[2025-10-28T00:00:18.595+0100] {subprocess.py:93} INFO - [0m23:00:18  Found 4 models, 8 data tests, 3 sources, 428 macros
[2025-10-28T00:00:18.601+0100] {subprocess.py:93} INFO - [0m23:00:18
[2025-10-28T00:00:19.090+0100] {subprocess.py:93} INFO - [0m23:00:19  Concurrency: 4 threads (target='dev')
[2025-10-28T00:00:19.092+0100] {subprocess.py:93} INFO - [0m23:00:19
[2025-10-28T00:00:19.142+0100] {subprocess.py:93} INFO - [0m23:00:19  1 of 4 START sql incremental model analytics.int_availability_station_hour ..... [RUN]
[2025-10-28T00:00:19.150+0100] {subprocess.py:93} INFO - [0m23:00:19  2 of 4 START sql incremental model analytics.int_performance_station_hour ...... [RUN]
[2025-10-28T00:00:19.154+0100] {subprocess.py:93} INFO - [0m23:00:19  3 of 4 START sql incremental model analytics.int_quality_station_hour .......... [RUN]
[2025-10-28T00:00:21.988+0100] {subprocess.py:93} INFO - [0m23:00:21  2 of 4 OK created sql incremental model analytics.int_performance_station_hour . [[32mSELECT 3091[0m in 2.82s]
[2025-10-28T00:00:23.668+0100] {subprocess.py:93} INFO - [0m23:00:23  1 of 4 OK created sql incremental model analytics.int_availability_station_hour  [[32mSELECT 718[0m in 4.51s]
[2025-10-28T00:00:28.169+0100] {subprocess.py:93} INFO - [0m23:00:28  3 of 4 OK created sql incremental model analytics.int_quality_station_hour ..... [[32mSELECT 3091[0m in 9.01s]
[2025-10-28T00:00:28.172+0100] {subprocess.py:93} INFO - [0m23:00:28  4 of 4 START sql incremental model analytics.int_quality_linewise_datehour ..... [RUN]
[2025-10-28T00:00:28.582+0100] {subprocess.py:93} INFO - [0m23:00:28  4 of 4 OK created sql incremental model analytics.int_quality_linewise_datehour  [[32mSELECT 396[0m in 0.41s]
[2025-10-28T00:00:28.603+0100] {subprocess.py:93} INFO - [0m23:00:28
[2025-10-28T00:00:28.603+0100] {subprocess.py:93} INFO - [0m23:00:28  Finished running 4 incremental models in 0 hours 0 minutes and 10.00 seconds (10.00s).
[2025-10-28T00:00:28.663+0100] {subprocess.py:93} INFO - [0m23:00:28
[2025-10-28T00:00:28.664+0100] {subprocess.py:93} INFO - [0m23:00:28  [32mCompleted successfully[0m
[2025-10-28T00:00:28.665+0100] {subprocess.py:93} INFO - [0m23:00:28
[2025-10-28T00:00:28.666+0100] {subprocess.py:93} INFO - [0m23:00:28  Done. PASS=4 WARN=0 ERROR=0 SKIP=0 TOTAL=4
[2025-10-28T00:00:29.553+0100] {subprocess.py:97} INFO - Command exited with return code 0
[2025-10-28T00:00:29.594+0100] {taskinstance.py:340} INFO - ::group::Post task execution logs
[2025-10-28T00:00:29.595+0100] {taskinstance.py:352} INFO - Marking task as SUCCESS. dag_id=dbt_hourly_refresh, task_id=run_dbt_models, run_id=scheduled__2025-10-27T22:00:00+00:00, execution_date=20251027T220000, start_date=20251027T230002, end_date=20251027T230029
[2025-10-28T00:00:29.636+0100] {local_task_job_runner.py:266} INFO - Task exited with return code 0
[2025-10-28T00:00:29.660+0100] {taskinstance.py:3900} INFO - 0 downstream tasks scheduled from follow-on schedule check
[2025-10-28T00:00:29.662+0100] {local_task_job_runner.py:245} INFO - ::endgroup::
