[2025-10-26T21:00:01.093+0100] {local_task_job_runner.py:123} INFO - ::group::Pre task execution logs
[2025-10-26T21:00:01.137+0100] {taskinstance.py:2612} INFO - Dependencies all met for dep_context=non-requeueable deps ti=<TaskInstance: dbt_hourly_refresh.run_dbt_models scheduled__2025-10-26T19:00:00+00:00 [queued]>
[2025-10-26T21:00:01.154+0100] {taskinstance.py:2612} INFO - Dependencies all met for dep_context=requeueable deps ti=<TaskInstance: dbt_hourly_refresh.run_dbt_models scheduled__2025-10-26T19:00:00+00:00 [queued]>
[2025-10-26T21:00:01.155+0100] {taskinstance.py:2865} INFO - Starting attempt 1 of 2
[2025-10-26T21:00:01.181+0100] {taskinstance.py:2888} INFO - Executing <Task(BashOperator): run_dbt_models> on 2025-10-26 19:00:00+00:00
[2025-10-26T21:00:01.198+0100] {standard_task_runner.py:104} INFO - Running: ['***', 'tasks', 'run', 'dbt_hourly_refresh', 'run_dbt_models', 'scheduled__2025-10-26T19:00:00+00:00', '--job-id', '66', '--raw', '--subdir', 'DAGS_FOLDER/dbt_hourly_refresh_dag.py', '--cfg-path', '/tmp/tmphza4bn2j']
[2025-10-26T21:00:01.205+0100] {standard_task_runner.py:105} INFO - Job 66: Subtask run_dbt_models
[2025-10-26T21:00:01.207+0100] {logging_mixin.py:190} WARNING - /home/***/.local/lib/python3.12/site-packages/***/task/task_runner/standard_task_runner.py:70 DeprecationWarning: This process (pid=3165) is multi-threaded, use of fork() may lead to deadlocks in the child.
[2025-10-26T21:00:01.208+0100] {standard_task_runner.py:72} INFO - Started process 3166 to run task
[2025-10-26T21:00:01.319+0100] {task_command.py:467} INFO - Running <TaskInstance: dbt_hourly_refresh.run_dbt_models scheduled__2025-10-26T19:00:00+00:00 [running]> on host f229876aebe2
[2025-10-26T21:00:01.552+0100] {taskinstance.py:3131} INFO - Exporting env vars: AIRFLOW_CTX_DAG_OWNER='Aliostadi' AIRFLOW_CTX_DAG_ID='dbt_hourly_refresh' AIRFLOW_CTX_TASK_ID='run_dbt_models' AIRFLOW_CTX_EXECUTION_DATE='2025-10-26T19:00:00+00:00' AIRFLOW_CTX_TRY_NUMBER='1' AIRFLOW_CTX_DAG_RUN_ID='scheduled__2025-10-26T19:00:00+00:00'
[2025-10-26T21:00:01.554+0100] {taskinstance.py:731} INFO - ::endgroup::
[2025-10-26T21:00:01.677+0100] {subprocess.py:63} INFO - Tmp dir root location: /tmp
[2025-10-26T21:00:01.681+0100] {subprocess.py:75} INFO - Running command: ['/usr/bin/bash', '-c', 'cd /opt/***/dbt_project && dbt clean && dbt run --full-refresh']
[2025-10-26T21:00:01.705+0100] {subprocess.py:86} INFO - Output:
[2025-10-26T21:00:06.511+0100] {subprocess.py:93} INFO - [0m20:00:06  Running with dbt=1.8.3
[2025-10-26T21:00:06.837+0100] {subprocess.py:93} INFO - [0m20:00:06  Checking /opt/***/dbt_project/target/*
[2025-10-26T21:00:06.846+0100] {subprocess.py:93} INFO - [0m20:00:06  Cleaned /opt/***/dbt_project/target/*
[2025-10-26T21:00:06.847+0100] {subprocess.py:93} INFO - [0m20:00:06  Checking /opt/***/dbt_project/dbt_packages/*
[2025-10-26T21:00:06.847+0100] {subprocess.py:93} INFO - [0m20:00:06  Cleaned /opt/***/dbt_project/dbt_packages/*
[2025-10-26T21:00:06.847+0100] {subprocess.py:93} INFO - [0m20:00:06  Finished cleaning all paths.
[2025-10-26T21:00:10.305+0100] {subprocess.py:93} INFO - [0m20:00:10  Running with dbt=1.8.3
[2025-10-26T21:00:10.668+0100] {subprocess.py:93} INFO - [0m20:00:10  Registered adapter: postgres=1.8.2
[2025-10-26T21:00:10.833+0100] {subprocess.py:93} INFO - [0m20:00:10  Unable to do partial parsing because saved manifest not found. Starting full parse.
[2025-10-26T21:00:12.266+0100] {subprocess.py:93} INFO - [0m20:00:12  [[33mWARNING[0m]: Deprecated functionality
[2025-10-26T21:00:12.266+0100] {subprocess.py:93} INFO - The `tests` config has been renamed to `data_tests`. Please see
[2025-10-26T21:00:12.266+0100] {subprocess.py:93} INFO - https://docs.getdbt.com/docs/build/data-tests#new-data_tests-syntax for more
[2025-10-26T21:00:12.266+0100] {subprocess.py:93} INFO - information.
[2025-10-26T21:00:12.635+0100] {subprocess.py:93} INFO - [0m20:00:12  [[33mWARNING[0m]: Configuration paths exist in your dbt_project.yml file which do not apply to any resources.
[2025-10-26T21:00:12.636+0100] {subprocess.py:93} INFO - There are 1 unused configuration paths:
[2025-10-26T21:00:12.636+0100] {subprocess.py:93} INFO - - models.intermediters
[2025-10-26T21:00:12.935+0100] {subprocess.py:93} INFO - [0m20:00:12  Found 3 models, 6 data tests, 3 sources, 428 macros
[2025-10-26T21:00:12.947+0100] {subprocess.py:93} INFO - [0m20:00:12
[2025-10-26T21:00:13.290+0100] {subprocess.py:93} INFO - [0m20:00:13  Concurrency: 4 threads (target='dev')
[2025-10-26T21:00:13.291+0100] {subprocess.py:93} INFO - [0m20:00:13
[2025-10-26T21:00:13.317+0100] {subprocess.py:93} INFO - [0m20:00:13  1 of 3 START sql incremental model analytics.int_performance_station_hour ...... [RUN]
[2025-10-26T21:00:13.319+0100] {subprocess.py:93} INFO - [0m20:00:13  2 of 3 START sql incremental model analytics.int_quality_station_hour .......... [RUN]
[2025-10-26T21:00:14.809+0100] {subprocess.py:93} INFO - [0m20:00:14  1 of 3 OK created sql incremental model analytics.int_performance_station_hour . [[32mSELECT 3083[0m in 1.49s]
[2025-10-26T21:00:21.939+0100] {subprocess.py:93} INFO - [0m20:00:21  2 of 3 OK created sql incremental model analytics.int_quality_station_hour ..... [[32mSELECT 3083[0m in 8.62s]
[2025-10-26T21:00:21.944+0100] {subprocess.py:93} INFO - [0m20:00:21  3 of 3 START sql incremental model analytics.int_quality_linewise_datehour ..... [RUN]
[2025-10-26T21:00:22.417+0100] {subprocess.py:93} INFO - [0m20:00:22  3 of 3 OK created sql incremental model analytics.int_quality_linewise_datehour  [[32mSELECT 395[0m in 0.47s]
[2025-10-26T21:00:22.454+0100] {subprocess.py:93} INFO - [0m20:00:22
[2025-10-26T21:00:22.454+0100] {subprocess.py:93} INFO - [0m20:00:22  Finished running 3 incremental models in 0 hours 0 minutes and 9.50 seconds (9.50s).
[2025-10-26T21:00:22.500+0100] {subprocess.py:93} INFO - [0m20:00:22
[2025-10-26T21:00:22.500+0100] {subprocess.py:93} INFO - [0m20:00:22  [32mCompleted successfully[0m
[2025-10-26T21:00:22.501+0100] {subprocess.py:93} INFO - [0m20:00:22
[2025-10-26T21:00:22.501+0100] {subprocess.py:93} INFO - [0m20:00:22  Done. PASS=3 WARN=0 ERROR=0 SKIP=0 TOTAL=3
[2025-10-26T21:00:23.621+0100] {subprocess.py:97} INFO - Command exited with return code 0
[2025-10-26T21:00:23.662+0100] {taskinstance.py:340} INFO - ::group::Post task execution logs
[2025-10-26T21:00:23.663+0100] {taskinstance.py:352} INFO - Marking task as SUCCESS. dag_id=dbt_hourly_refresh, task_id=run_dbt_models, run_id=scheduled__2025-10-26T19:00:00+00:00, execution_date=20251026T190000, start_date=20251026T200001, end_date=20251026T200023
[2025-10-26T21:00:23.701+0100] {local_task_job_runner.py:266} INFO - Task exited with return code 0
[2025-10-26T21:00:23.723+0100] {taskinstance.py:3900} INFO - 0 downstream tasks scheduled from follow-on schedule check
[2025-10-26T21:00:23.725+0100] {local_task_job_runner.py:245} INFO - ::endgroup::
