[0m15:06:42.819865 [debug] [MainThread]: Sending event: {'category': 'dbt', 'action': 'invocation', 'label': 'start', 'context': [<snowplow_tracker.self_describing_json.SelfDescribingJson object at 0x7d994c7ca260>, <snowplow_tracker.self_describing_json.SelfDescribingJson object at 0x7d994b7ac880>, <snowplow_tracker.self_describing_json.SelfDescribingJson object at 0x7d994b7ac820>]}


============================== 15:06:42.822948 | 80a6678b-f97c-41d9-92e6-2584b0878363 ==============================
[0m15:06:42.822948 [info ] [MainThread]: Running with dbt=1.10.13
[0m15:06:42.823594 [debug] [MainThread]: running dbt with arguments {'cache_selected_only': 'False', 'static_parser': 'True', 'use_colors': 'True', 'warn_error': 'None', 'log_path': 'logs', 'invocation_command': 'dbt init smt_project', 'no_print': 'None', 'quiet': 'False', 'warn_error_options': 'WarnErrorOptionsV2(error=[], warn=[], silence=[])', 'write_json': 'True', 'partial_parse': 'True', 'introspect': 'True', 'target_path': 'None', 'send_anonymous_usage_stats': 'True', 'debug': 'False', 'version_check': 'True', 'fail_fast': 'False', 'use_experimental_parser': 'False', 'printer_width': '80', 'empty': 'None', 'profiles_dir': '/home/aliostadi/.dbt', 'indirect_selection': 'eager', 'log_format': 'default', 'log_cache_events': 'False'}
[0m15:06:42.831707 [debug] [MainThread]: Starter project path: /home/aliostadi/.local/lib/python3.10/site-packages/dbt/include/starter_project
[0m15:06:42.835160 [info ] [MainThread]: 
Your new dbt project "smt_project" was created!

For more information on how to configure the profiles.yml file,
please consult the dbt documentation here:

  https://docs.getdbt.com/docs/configure-your-profile

One more thing:

Need help? Don't hesitate to reach out to us via GitHub issues or on Slack:

  https://community.getdbt.com/

Happy modeling!

[0m15:06:42.835625 [info ] [MainThread]: Setting up your profile.
[0m15:07:48.265282 [info ] [MainThread]: Profile smt_project written to /home/aliostadi/.dbt/profiles.yml using target's profile_template.yml and your supplied values. Run 'dbt debug' to validate the connection.
[0m15:07:48.267801 [debug] [MainThread]: Resource report: {"command_name": "init", "command_success": true, "command_wall_clock_time": 65.51804, "process_in_blocks": "0", "process_kernel_time": 0.175353, "process_mem_max_rss": "102860", "process_out_blocks": "80", "process_user_time": 1.885053}
[0m15:07:48.269119 [debug] [MainThread]: Command `dbt init` succeeded at 15:07:48.268850 after 65.52 seconds
[0m15:07:48.269856 [debug] [MainThread]: Sending event: {'category': 'dbt', 'action': 'invocation', 'label': 'end', 'context': [<snowplow_tracker.self_describing_json.SelfDescribingJson object at 0x7d994c7ca260>, <snowplow_tracker.self_describing_json.SelfDescribingJson object at 0x7d994b354580>, <snowplow_tracker.self_describing_json.SelfDescribingJson object at 0x7d994b7ac7c0>]}
[0m15:07:48.270522 [debug] [MainThread]: Flushing usage events
[0m15:07:58.326716 [debug] [MainThread]: An error was encountered while trying to flush usage events
