[2025-10-27T23:16:38.242+0100] {local_task_job_runner.py:123} INFO - ::group::Pre task execution logs
[2025-10-27T23:16:38.325+0100] {taskinstance.py:2612} INFO - Dependencies all met for dep_context=non-requeueable deps ti=<TaskInstance: dbt_hourly_refresh.run_dbt_models scheduled__2025-10-27T21:00:00+00:00 [queued]>
[2025-10-27T23:16:38.359+0100] {taskinstance.py:2612} INFO - Dependencies all met for dep_context=requeueable deps ti=<TaskInstance: dbt_hourly_refresh.run_dbt_models scheduled__2025-10-27T21:00:00+00:00 [queued]>
[2025-10-27T23:16:38.360+0100] {taskinstance.py:2865} INFO - Starting attempt 1 of 2
[2025-10-27T23:16:38.430+0100] {taskinstance.py:2888} INFO - Executing <Task(BashOperator): run_dbt_models> on 2025-10-27 21:00:00+00:00
[2025-10-27T23:16:38.478+0100] {standard_task_runner.py:104} INFO - Running: ['***', 'tasks', 'run', 'dbt_hourly_refresh', 'run_dbt_models', 'scheduled__2025-10-27T21:00:00+00:00', '--job-id', '71', '--raw', '--subdir', 'DAGS_FOLDER/dbt_hourly_refresh_dag.py', '--cfg-path', '/tmp/tmpb4n4gjmw']
[2025-10-27T23:16:38.496+0100] {standard_task_runner.py:105} INFO - Job 71: Subtask run_dbt_models
[2025-10-27T23:16:38.505+0100] {logging_mixin.py:190} WARNING - /home/***/.local/lib/python3.12/site-packages/***/task/task_runner/standard_task_runner.py:70 DeprecationWarning: This process (pid=258) is multi-threaded, use of fork() may lead to deadlocks in the child.
[2025-10-27T23:16:38.508+0100] {standard_task_runner.py:72} INFO - Started process 263 to run task
[2025-10-27T23:16:38.745+0100] {task_command.py:467} INFO - Running <TaskInstance: dbt_hourly_refresh.run_dbt_models scheduled__2025-10-27T21:00:00+00:00 [running]> on host 889cad4fd12d
[2025-10-27T23:16:39.060+0100] {taskinstance.py:3131} INFO - Exporting env vars: AIRFLOW_CTX_DAG_OWNER='Aliostadi' AIRFLOW_CTX_DAG_ID='dbt_hourly_refresh' AIRFLOW_CTX_TASK_ID='run_dbt_models' AIRFLOW_CTX_EXECUTION_DATE='2025-10-27T21:00:00+00:00' AIRFLOW_CTX_TRY_NUMBER='1' AIRFLOW_CTX_DAG_RUN_ID='scheduled__2025-10-27T21:00:00+00:00'
[2025-10-27T23:16:39.062+0100] {taskinstance.py:731} INFO - ::endgroup::
[2025-10-27T23:16:39.117+0100] {subprocess.py:63} INFO - Tmp dir root location: /tmp
[2025-10-27T23:16:39.119+0100] {subprocess.py:75} INFO - Running command: ['/usr/bin/bash', '-c', 'cd /opt/***/dbt_project && dbt clean && dbt run --full-refresh']
[2025-10-27T23:16:39.153+0100] {subprocess.py:86} INFO - Output:
[2025-10-27T23:16:56.473+0100] {subprocess.py:93} INFO - [0m22:16:56  Running with dbt=1.8.3
[2025-10-27T23:16:57.977+0100] {subprocess.py:93} INFO - [0m22:16:57  Checking /opt/***/dbt_project/dbt_packages/*
[2025-10-27T23:16:57.980+0100] {subprocess.py:93} INFO - [0m22:16:57  Cleaned /opt/***/dbt_project/dbt_packages/*
[2025-10-27T23:16:57.982+0100] {subprocess.py:93} INFO - [0m22:16:57  Checking /opt/***/dbt_project/target/*
[2025-10-27T23:16:57.998+0100] {subprocess.py:93} INFO - [0m22:16:57  Cleaned /opt/***/dbt_project/target/*
[2025-10-27T23:16:58.002+0100] {subprocess.py:93} INFO - [0m22:16:58  Finished cleaning all paths.
[2025-10-27T23:17:13.100+0100] {subprocess.py:93} INFO - [0m22:17:13  Running with dbt=1.8.3
[2025-10-27T23:17:13.858+0100] {subprocess.py:93} INFO - [0m22:17:13  Registered adapter: postgres=1.8.2
[2025-10-27T23:17:14.221+0100] {subprocess.py:93} INFO - [0m22:17:14  Unable to do partial parsing because saved manifest not found. Starting full parse.
[2025-10-27T23:17:18.415+0100] {subprocess.py:93} INFO - [0m22:17:18  [[33mWARNING[0m]: Deprecated functionality
[2025-10-27T23:17:18.416+0100] {subprocess.py:93} INFO - The `tests` config has been renamed to `data_tests`. Please see
[2025-10-27T23:17:18.417+0100] {subprocess.py:93} INFO - https://docs.getdbt.com/docs/build/data-tests#new-data_tests-syntax for more
[2025-10-27T23:17:18.417+0100] {subprocess.py:93} INFO - information.
[2025-10-27T23:17:19.524+0100] {subprocess.py:93} INFO - [0m22:17:19  [[33mWARNING[0m]: Configuration paths exist in your dbt_project.yml file which do not apply to any resources.
[2025-10-27T23:17:19.525+0100] {subprocess.py:93} INFO - There are 1 unused configuration paths:
[2025-10-27T23:17:19.526+0100] {subprocess.py:93} INFO - - models.intermediters
[2025-10-27T23:17:20.482+0100] {subprocess.py:93} INFO - [0m22:17:20  Found 4 models, 8 data tests, 3 sources, 428 macros
[2025-10-27T23:17:20.495+0100] {subprocess.py:93} INFO - [0m22:17:20
[2025-10-27T23:17:20.963+0100] {subprocess.py:93} INFO - [0m22:17:20  Concurrency: 4 threads (target='dev')
[2025-10-27T23:17:20.966+0100] {subprocess.py:93} INFO - [0m22:17:20
[2025-10-27T23:17:21.076+0100] {subprocess.py:93} INFO - [0m22:17:21  1 of 4 START sql incremental model analytics.int_availability_station_hour ..... [RUN]
[2025-10-27T23:17:21.085+0100] {subprocess.py:93} INFO - [0m22:17:21  2 of 4 START sql incremental model analytics.int_performance_station_hour ...... [RUN]
[2025-10-27T23:17:21.091+0100] {subprocess.py:93} INFO - [0m22:17:21  3 of 4 START sql incremental model analytics.int_quality_station_hour .......... [RUN]
[2025-10-27T23:17:27.966+0100] {subprocess.py:93} INFO - [0m22:17:27  2 of 4 OK created sql incremental model analytics.int_performance_station_hour . [[32mSELECT 3091[0m in 6.86s]
[2025-10-27T23:17:44.515+0100] {subprocess.py:93} INFO - [0m22:17:44  1 of 4 OK created sql incremental model analytics.int_availability_station_hour  [[32mSELECT 718[0m in 23.42s]
[2025-10-27T23:17:51.452+0100] {subprocess.py:93} INFO - [0m22:17:51  3 of 4 OK created sql incremental model analytics.int_quality_station_hour ..... [[32mSELECT 3091[0m in 30.34s]
[2025-10-27T23:17:51.460+0100] {subprocess.py:93} INFO - [0m22:17:51  4 of 4 START sql incremental model analytics.int_quality_linewise_datehour ..... [RUN]
[2025-10-27T23:17:52.403+0100] {subprocess.py:93} INFO - [0m22:17:52  4 of 4 OK created sql incremental model analytics.int_quality_linewise_datehour  [[32mSELECT 396[0m in 0.94s]
[2025-10-27T23:17:52.444+0100] {subprocess.py:93} INFO - [0m22:17:52
[2025-10-27T23:17:52.446+0100] {subprocess.py:93} INFO - [0m22:17:52  Finished running 4 incremental models in 0 hours 0 minutes and 31.95 seconds (31.95s).
[2025-10-27T23:17:52.542+0100] {subprocess.py:93} INFO - [0m22:17:52
[2025-10-27T23:17:52.543+0100] {subprocess.py:93} INFO - [0m22:17:52  [32mCompleted successfully[0m
[2025-10-27T23:17:52.543+0100] {subprocess.py:93} INFO - [0m22:17:52
[2025-10-27T23:17:52.544+0100] {subprocess.py:93} INFO - [0m22:17:52  Done. PASS=4 WARN=0 ERROR=0 SKIP=0 TOTAL=4
[2025-10-27T23:17:53.744+0100] {subprocess.py:97} INFO - Command exited with return code 0
[2025-10-27T23:17:53.845+0100] {taskinstance.py:340} INFO - ::group::Post task execution logs
[2025-10-27T23:17:53.846+0100] {taskinstance.py:352} INFO - Marking task as SUCCESS. dag_id=dbt_hourly_refresh, task_id=run_dbt_models, run_id=scheduled__2025-10-27T21:00:00+00:00, execution_date=20251027T210000, start_date=20251027T221638, end_date=20251027T221753
[2025-10-27T23:17:53.921+0100] {local_task_job_runner.py:266} INFO - Task exited with return code 0
[2025-10-27T23:17:53.986+0100] {taskinstance.py:3900} INFO - 0 downstream tasks scheduled from follow-on schedule check
[2025-10-27T23:17:53.990+0100] {local_task_job_runner.py:245} INFO - ::endgroup::
