[2025-10-25T15:20:18.848+0200] {local_task_job_runner.py:123} INFO - ::group::Pre task execution logs
[2025-10-25T15:20:18.915+0200] {taskinstance.py:2612} INFO - Dependencies all met for dep_context=non-requeueable deps ti=<TaskInstance: dbt_hourly_refresh.run_dbt_models manual__2025-10-25T13:20:17.926142+00:00 [queued]>
[2025-10-25T15:20:18.950+0200] {taskinstance.py:2612} INFO - Dependencies all met for dep_context=requeueable deps ti=<TaskInstance: dbt_hourly_refresh.run_dbt_models manual__2025-10-25T13:20:17.926142+00:00 [queued]>
[2025-10-25T15:20:18.951+0200] {taskinstance.py:2865} INFO - Starting attempt 1 of 2
[2025-10-25T15:20:18.991+0200] {taskinstance.py:2888} INFO - Executing <Task(BashOperator): run_dbt_models> on 2025-10-25 13:20:17.926142+00:00
[2025-10-25T15:20:19.008+0200] {standard_task_runner.py:104} INFO - Running: ['***', 'tasks', 'run', 'dbt_hourly_refresh', 'run_dbt_models', 'manual__2025-10-25T13:20:17.926142+00:00', '--job-id', '48', '--raw', '--subdir', 'DAGS_FOLDER/dbt_hourly_refresh_dag.py', '--cfg-path', '/tmp/tmp9g7kuco5']
[2025-10-25T15:20:19.015+0200] {standard_task_runner.py:105} INFO - Job 48: Subtask run_dbt_models
[2025-10-25T15:20:19.015+0200] {logging_mixin.py:190} WARNING - /home/***/.local/lib/python3.12/site-packages/***/task/task_runner/standard_task_runner.py:70 DeprecationWarning: This process (pid=491) is multi-threaded, use of fork() may lead to deadlocks in the child.
[2025-10-25T15:20:19.017+0200] {standard_task_runner.py:72} INFO - Started process 492 to run task
[2025-10-25T15:20:19.117+0200] {task_command.py:467} INFO - Running <TaskInstance: dbt_hourly_refresh.run_dbt_models manual__2025-10-25T13:20:17.926142+00:00 [running]> on host 197aef1bec7d
[2025-10-25T15:20:19.412+0200] {taskinstance.py:3131} INFO - Exporting env vars: AIRFLOW_CTX_DAG_OWNER='Aliostadi' AIRFLOW_CTX_DAG_ID='dbt_hourly_refresh' AIRFLOW_CTX_TASK_ID='run_dbt_models' AIRFLOW_CTX_EXECUTION_DATE='2025-10-25T13:20:17.926142+00:00' AIRFLOW_CTX_TRY_NUMBER='1' AIRFLOW_CTX_DAG_RUN_ID='manual__2025-10-25T13:20:17.926142+00:00'
[2025-10-25T15:20:19.414+0200] {taskinstance.py:731} INFO - ::endgroup::
[2025-10-25T15:20:19.539+0200] {subprocess.py:63} INFO - Tmp dir root location: /tmp
[2025-10-25T15:20:19.545+0200] {subprocess.py:75} INFO - Running command: ['/usr/bin/bash', '-c', 'cd /opt/***/dbt_project && dbt clean && dbt run --full-refresh']
[2025-10-25T15:20:19.578+0200] {subprocess.py:86} INFO - Output:
[2025-10-25T15:20:24.799+0200] {subprocess.py:93} INFO - [0m13:20:24  Running with dbt=1.8.3
[2025-10-25T15:20:25.527+0200] {subprocess.py:93} INFO - [0m13:20:25  Checking /opt/***/dbt_project/dbt_packages/*
[2025-10-25T15:20:25.529+0200] {subprocess.py:93} INFO - [0m13:20:25  Cleaned /opt/***/dbt_project/dbt_packages/*
[2025-10-25T15:20:25.530+0200] {subprocess.py:93} INFO - [0m13:20:25  Checking /opt/***/dbt_project/target/*
[2025-10-25T15:20:25.543+0200] {subprocess.py:93} INFO - [0m13:20:25  Cleaned /opt/***/dbt_project/target/*
[2025-10-25T15:20:25.545+0200] {subprocess.py:93} INFO - [0m13:20:25  Finished cleaning all paths.
[2025-10-25T15:20:32.085+0200] {subprocess.py:93} INFO - [0m13:20:32  Running with dbt=1.8.3
[2025-10-25T15:20:32.843+0200] {subprocess.py:93} INFO - [0m13:20:32  Registered adapter: postgres=1.8.2
[2025-10-25T15:20:32.998+0200] {subprocess.py:93} INFO - [0m13:20:32  Unable to do partial parsing because saved manifest not found. Starting full parse.
[2025-10-25T15:20:34.785+0200] {subprocess.py:93} INFO - [0m13:20:34  [[33mWARNING[0m]: Deprecated functionality
[2025-10-25T15:20:34.786+0200] {subprocess.py:93} INFO - The `tests` config has been renamed to `data_tests`. Please see
[2025-10-25T15:20:34.786+0200] {subprocess.py:93} INFO - https://docs.getdbt.com/docs/build/data-tests#new-data_tests-syntax for more
[2025-10-25T15:20:34.786+0200] {subprocess.py:93} INFO - information.
[2025-10-25T15:20:35.349+0200] {subprocess.py:93} INFO - [0m13:20:35  [[33mWARNING[0m]: Configuration paths exist in your dbt_project.yml file which do not apply to any resources.
[2025-10-25T15:20:35.350+0200] {subprocess.py:93} INFO - There are 1 unused configuration paths:
[2025-10-25T15:20:35.351+0200] {subprocess.py:93} INFO - - models.intermediters
[2025-10-25T15:20:35.681+0200] {subprocess.py:93} INFO - [0m13:20:35  Found 3 models, 6 data tests, 3 sources, 428 macros
[2025-10-25T15:20:35.684+0200] {subprocess.py:93} INFO - [0m13:20:35
[2025-10-25T15:20:35.891+0200] {subprocess.py:93} INFO - [0m13:20:35  Concurrency: 4 threads (target='dev')
[2025-10-25T15:20:35.891+0200] {subprocess.py:93} INFO - [0m13:20:35
[2025-10-25T15:20:35.914+0200] {subprocess.py:93} INFO - [0m13:20:35  1 of 3 START sql incremental model analytics.int_performance_station_hour ...... [RUN]
[2025-10-25T15:20:35.922+0200] {subprocess.py:93} INFO - [0m13:20:35  2 of 3 START sql incremental model analytics.int_quality_station_hour .......... [RUN]
[2025-10-25T15:20:38.140+0200] {subprocess.py:93} INFO - [0m13:20:38  1 of 3 OK created sql incremental model analytics.int_performance_station_hour . [[32mSELECT 3083[0m in 2.21s]
[2025-10-25T15:20:48.156+0200] {subprocess.py:93} INFO - [0m13:20:48  2 of 3 OK created sql incremental model analytics.int_quality_station_hour ..... [[32mSELECT 3083[0m in 12.23s]
[2025-10-25T15:20:48.165+0200] {subprocess.py:93} INFO - [0m13:20:48  3 of 3 START sql incremental model analytics.int_quality_linewise_datehour ..... [RUN]
[2025-10-25T15:20:49.139+0200] {subprocess.py:93} INFO - [0m13:20:49  3 of 3 OK created sql incremental model analytics.int_quality_linewise_datehour  [[32mSELECT 395[0m in 0.97s]
[2025-10-25T15:20:49.173+0200] {subprocess.py:93} INFO - [0m13:20:49
[2025-10-25T15:20:49.178+0200] {subprocess.py:93} INFO - [0m13:20:49  Finished running 3 incremental models in 0 hours 0 minutes and 13.49 seconds (13.49s).
[2025-10-25T15:20:49.265+0200] {subprocess.py:93} INFO - [0m13:20:49
[2025-10-25T15:20:49.266+0200] {subprocess.py:93} INFO - [0m13:20:49  [32mCompleted successfully[0m
[2025-10-25T15:20:49.267+0200] {subprocess.py:93} INFO - [0m13:20:49
[2025-10-25T15:20:49.269+0200] {subprocess.py:93} INFO - [0m13:20:49  Done. PASS=3 WARN=0 ERROR=0 SKIP=0 TOTAL=3
[2025-10-25T15:20:50.553+0200] {subprocess.py:97} INFO - Command exited with return code 0
[2025-10-25T15:20:50.596+0200] {taskinstance.py:340} INFO - ::group::Post task execution logs
[2025-10-25T15:20:50.597+0200] {taskinstance.py:352} INFO - Marking task as SUCCESS. dag_id=dbt_hourly_refresh, task_id=run_dbt_models, run_id=manual__2025-10-25T13:20:17.926142+00:00, execution_date=20251025T132017, start_date=20251025T132018, end_date=20251025T132050
[2025-10-25T15:20:50.636+0200] {local_task_job_runner.py:266} INFO - Task exited with return code 0
[2025-10-25T15:20:50.662+0200] {taskinstance.py:3900} INFO - 0 downstream tasks scheduled from follow-on schedule check
[2025-10-25T15:20:50.665+0200] {local_task_job_runner.py:245} INFO - ::endgroup::
