[2025-10-29T00:00:01.422+0100] {local_task_job_runner.py:123} INFO - ::group::Pre task execution logs
[2025-10-29T00:00:01.450+0100] {taskinstance.py:2612} INFO - Dependencies all met for dep_context=non-requeueable deps ti=<TaskInstance: dbt_hourly_refresh.run_dbt_models scheduled__2025-10-28T22:00:00+00:00 [queued]>
[2025-10-29T00:00:01.461+0100] {taskinstance.py:2612} INFO - Dependencies all met for dep_context=requeueable deps ti=<TaskInstance: dbt_hourly_refresh.run_dbt_models scheduled__2025-10-28T22:00:00+00:00 [queued]>
[2025-10-29T00:00:01.461+0100] {taskinstance.py:2865} INFO - Starting attempt 1 of 2
[2025-10-29T00:00:01.481+0100] {taskinstance.py:2888} INFO - Executing <Task(BashOperator): run_dbt_models> on 2025-10-28 22:00:00+00:00
[2025-10-29T00:00:01.493+0100] {standard_task_runner.py:104} INFO - Running: ['***', 'tasks', 'run', 'dbt_hourly_refresh', 'run_dbt_models', 'scheduled__2025-10-28T22:00:00+00:00', '--job-id', '77', '--raw', '--subdir', 'DAGS_FOLDER/dbt_hourly_refresh_dag.py', '--cfg-path', '/tmp/tmp4o2zid6n']
[2025-10-29T00:00:01.498+0100] {standard_task_runner.py:105} INFO - Job 77: Subtask run_dbt_models
[2025-10-29T00:00:01.499+0100] {logging_mixin.py:190} WARNING - /home/***/.local/lib/python3.12/site-packages/***/task/task_runner/standard_task_runner.py:70 DeprecationWarning: This process (pid=1333) is multi-threaded, use of fork() may lead to deadlocks in the child.
[2025-10-29T00:00:01.500+0100] {standard_task_runner.py:72} INFO - Started process 1334 to run task
[2025-10-29T00:00:01.590+0100] {task_command.py:467} INFO - Running <TaskInstance: dbt_hourly_refresh.run_dbt_models scheduled__2025-10-28T22:00:00+00:00 [running]> on host ec63a10557d7
[2025-10-29T00:00:01.897+0100] {taskinstance.py:3131} INFO - Exporting env vars: AIRFLOW_CTX_DAG_OWNER='Aliostadi' AIRFLOW_CTX_DAG_ID='dbt_hourly_refresh' AIRFLOW_CTX_TASK_ID='run_dbt_models' AIRFLOW_CTX_EXECUTION_DATE='2025-10-28T22:00:00+00:00' AIRFLOW_CTX_TRY_NUMBER='1' AIRFLOW_CTX_DAG_RUN_ID='scheduled__2025-10-28T22:00:00+00:00'
[2025-10-29T00:00:01.899+0100] {taskinstance.py:731} INFO - ::endgroup::
[2025-10-29T00:00:01.957+0100] {subprocess.py:63} INFO - Tmp dir root location: /tmp
[2025-10-29T00:00:01.959+0100] {subprocess.py:75} INFO - Running command: ['/usr/bin/bash', '-c', 'cd /opt/***/dbt_project && dbt clean && dbt run --full-refresh']
[2025-10-29T00:00:01.977+0100] {subprocess.py:86} INFO - Output:
[2025-10-29T00:00:06.699+0100] {subprocess.py:93} INFO - [0m23:00:06  Running with dbt=1.8.3
[2025-10-29T00:00:06.997+0100] {subprocess.py:93} INFO - [0m23:00:06  Checking /opt/***/dbt_project/dbt_packages/*
[2025-10-29T00:00:06.998+0100] {subprocess.py:93} INFO - [0m23:00:06  Cleaned /opt/***/dbt_project/dbt_packages/*
[2025-10-29T00:00:06.998+0100] {subprocess.py:93} INFO - [0m23:00:06  Checking /opt/***/dbt_project/target/*
[2025-10-29T00:00:07.002+0100] {subprocess.py:93} INFO - [0m23:00:07  Cleaned /opt/***/dbt_project/target/*
[2025-10-29T00:00:07.003+0100] {subprocess.py:93} INFO - [0m23:00:07  Finished cleaning all paths.
[2025-10-29T00:00:11.776+0100] {subprocess.py:93} INFO - [0m23:00:11  Running with dbt=1.8.3
[2025-10-29T00:00:12.345+0100] {subprocess.py:93} INFO - [0m23:00:12  Registered adapter: postgres=1.8.2
[2025-10-29T00:00:12.567+0100] {subprocess.py:93} INFO - [0m23:00:12  Unable to do partial parsing because saved manifest not found. Starting full parse.
[2025-10-29T00:00:14.453+0100] {subprocess.py:93} INFO - [0m23:00:14  [[33mWARNING[0m]: Deprecated functionality
[2025-10-29T00:00:14.454+0100] {subprocess.py:93} INFO - The `tests` config has been renamed to `data_tests`. Please see
[2025-10-29T00:00:14.454+0100] {subprocess.py:93} INFO - https://docs.getdbt.com/docs/build/data-tests#new-data_tests-syntax for more
[2025-10-29T00:00:14.454+0100] {subprocess.py:93} INFO - information.
[2025-10-29T00:00:14.903+0100] {subprocess.py:93} INFO - [0m23:00:14  [[33mWARNING[0m]: Configuration paths exist in your dbt_project.yml file which do not apply to any resources.
[2025-10-29T00:00:14.904+0100] {subprocess.py:93} INFO - There are 1 unused configuration paths:
[2025-10-29T00:00:14.904+0100] {subprocess.py:93} INFO - - models.intermediters
[2025-10-29T00:00:15.121+0100] {subprocess.py:93} INFO - [0m23:00:15  Found 4 models, 8 data tests, 3 sources, 428 macros
[2025-10-29T00:00:15.124+0100] {subprocess.py:93} INFO - [0m23:00:15
[2025-10-29T00:00:15.294+0100] {subprocess.py:93} INFO - [0m23:00:15  Concurrency: 4 threads (target='dev')
[2025-10-29T00:00:15.295+0100] {subprocess.py:93} INFO - [0m23:00:15
[2025-10-29T00:00:15.311+0100] {subprocess.py:93} INFO - [0m23:00:15  1 of 4 START sql incremental model analytics.int_availability_station_hour ..... [RUN]
[2025-10-29T00:00:15.318+0100] {subprocess.py:93} INFO - [0m23:00:15  2 of 4 START sql incremental model analytics.int_performance_station_hour ...... [RUN]
[2025-10-29T00:00:15.329+0100] {subprocess.py:93} INFO - [0m23:00:15  3 of 4 START sql incremental model analytics.int_quality_station_hour .......... [RUN]
[2025-10-29T00:00:17.332+0100] {subprocess.py:93} INFO - [0m23:00:17  2 of 4 OK created sql incremental model analytics.int_performance_station_hour . [[32mSELECT 3091[0m in 2.00s]
[2025-10-29T00:00:20.116+0100] {subprocess.py:93} INFO - [0m23:00:20  1 of 4 OK created sql incremental model analytics.int_availability_station_hour  [[32mSELECT 718[0m in 4.80s]
[2025-10-29T00:00:25.378+0100] {subprocess.py:93} INFO - [0m23:00:25  3 of 4 OK created sql incremental model analytics.int_quality_station_hour ..... [[32mSELECT 3091[0m in 10.05s]
[2025-10-29T00:00:25.381+0100] {subprocess.py:93} INFO - [0m23:00:25  4 of 4 START sql incremental model analytics.int_quality_linewise_datehour ..... [RUN]
[2025-10-29T00:00:25.864+0100] {subprocess.py:93} INFO - [0m23:00:25  4 of 4 OK created sql incremental model analytics.int_quality_linewise_datehour  [[32mSELECT 396[0m in 0.48s]
[2025-10-29T00:00:25.882+0100] {subprocess.py:93} INFO - [0m23:00:25
[2025-10-29T00:00:25.883+0100] {subprocess.py:93} INFO - [0m23:00:25  Finished running 4 incremental models in 0 hours 0 minutes and 10.76 seconds (10.76s).
[2025-10-29T00:00:25.929+0100] {subprocess.py:93} INFO - [0m23:00:25
[2025-10-29T00:00:25.930+0100] {subprocess.py:93} INFO - [0m23:00:25  [32mCompleted successfully[0m
[2025-10-29T00:00:25.930+0100] {subprocess.py:93} INFO - [0m23:00:25
[2025-10-29T00:00:25.931+0100] {subprocess.py:93} INFO - [0m23:00:25  Done. PASS=4 WARN=0 ERROR=0 SKIP=0 TOTAL=4
[2025-10-29T00:00:27.095+0100] {subprocess.py:97} INFO - Command exited with return code 0
[2025-10-29T00:00:27.134+0100] {taskinstance.py:340} INFO - ::group::Post task execution logs
[2025-10-29T00:00:27.135+0100] {taskinstance.py:352} INFO - Marking task as SUCCESS. dag_id=dbt_hourly_refresh, task_id=run_dbt_models, run_id=scheduled__2025-10-28T22:00:00+00:00, execution_date=20251028T220000, start_date=20251028T230001, end_date=20251028T230027
[2025-10-29T00:00:27.169+0100] {local_task_job_runner.py:266} INFO - Task exited with return code 0
[2025-10-29T00:00:27.187+0100] {taskinstance.py:3900} INFO - 0 downstream tasks scheduled from follow-on schedule check
[2025-10-29T00:00:27.190+0100] {local_task_job_runner.py:245} INFO - ::endgroup::
