[2025-10-28T23:00:01.735+0100] {local_task_job_runner.py:123} INFO - ::group::Pre task execution logs
[2025-10-28T23:00:01.776+0100] {taskinstance.py:2612} INFO - Dependencies all met for dep_context=non-requeueable deps ti=<TaskInstance: dbt_hourly_refresh.run_dbt_models scheduled__2025-10-28T21:00:00+00:00 [queued]>
[2025-10-28T23:00:01.790+0100] {taskinstance.py:2612} INFO - Dependencies all met for dep_context=requeueable deps ti=<TaskInstance: dbt_hourly_refresh.run_dbt_models scheduled__2025-10-28T21:00:00+00:00 [queued]>
[2025-10-28T23:00:01.791+0100] {taskinstance.py:2865} INFO - Starting attempt 1 of 2
[2025-10-28T23:00:01.816+0100] {taskinstance.py:2888} INFO - Executing <Task(BashOperator): run_dbt_models> on 2025-10-28 21:00:00+00:00
[2025-10-28T23:00:01.827+0100] {standard_task_runner.py:104} INFO - Running: ['***', 'tasks', 'run', 'dbt_hourly_refresh', 'run_dbt_models', 'scheduled__2025-10-28T21:00:00+00:00', '--job-id', '76', '--raw', '--subdir', 'DAGS_FOLDER/dbt_hourly_refresh_dag.py', '--cfg-path', '/tmp/tmp52ikqh31']
[2025-10-28T23:00:01.832+0100] {standard_task_runner.py:105} INFO - Job 76: Subtask run_dbt_models
[2025-10-28T23:00:01.832+0100] {logging_mixin.py:190} WARNING - /home/***/.local/lib/python3.12/site-packages/***/task/task_runner/standard_task_runner.py:70 DeprecationWarning: This process (pid=725) is multi-threaded, use of fork() may lead to deadlocks in the child.
[2025-10-28T23:00:01.833+0100] {standard_task_runner.py:72} INFO - Started process 726 to run task
[2025-10-28T23:00:01.909+0100] {task_command.py:467} INFO - Running <TaskInstance: dbt_hourly_refresh.run_dbt_models scheduled__2025-10-28T21:00:00+00:00 [running]> on host ec63a10557d7
[2025-10-28T23:00:02.087+0100] {taskinstance.py:3131} INFO - Exporting env vars: AIRFLOW_CTX_DAG_OWNER='Aliostadi' AIRFLOW_CTX_DAG_ID='dbt_hourly_refresh' AIRFLOW_CTX_TASK_ID='run_dbt_models' AIRFLOW_CTX_EXECUTION_DATE='2025-10-28T21:00:00+00:00' AIRFLOW_CTX_TRY_NUMBER='1' AIRFLOW_CTX_DAG_RUN_ID='scheduled__2025-10-28T21:00:00+00:00'
[2025-10-28T23:00:02.089+0100] {taskinstance.py:731} INFO - ::endgroup::
[2025-10-28T23:00:02.134+0100] {subprocess.py:63} INFO - Tmp dir root location: /tmp
[2025-10-28T23:00:02.136+0100] {subprocess.py:75} INFO - Running command: ['/usr/bin/bash', '-c', 'cd /opt/***/dbt_project && dbt clean && dbt run --full-refresh']
[2025-10-28T23:00:02.153+0100] {subprocess.py:86} INFO - Output:
[2025-10-28T23:00:09.096+0100] {subprocess.py:93} INFO - [0m22:00:09  Running with dbt=1.8.3
[2025-10-28T23:00:09.657+0100] {subprocess.py:93} INFO - [0m22:00:09  Checking /opt/***/dbt_project/dbt_packages/*
[2025-10-28T23:00:09.657+0100] {subprocess.py:93} INFO - [0m22:00:09  Cleaned /opt/***/dbt_project/dbt_packages/*
[2025-10-28T23:00:09.657+0100] {subprocess.py:93} INFO - [0m22:00:09  Checking /opt/***/dbt_project/target/*
[2025-10-28T23:00:09.668+0100] {subprocess.py:93} INFO - [0m22:00:09  Cleaned /opt/***/dbt_project/target/*
[2025-10-28T23:00:09.669+0100] {subprocess.py:93} INFO - [0m22:00:09  Finished cleaning all paths.
[2025-10-28T23:00:13.279+0100] {subprocess.py:93} INFO - [0m22:00:13  Running with dbt=1.8.3
[2025-10-28T23:00:13.621+0100] {subprocess.py:93} INFO - [0m22:00:13  Registered adapter: postgres=1.8.2
[2025-10-28T23:00:13.777+0100] {subprocess.py:93} INFO - [0m22:00:13  Unable to do partial parsing because saved manifest not found. Starting full parse.
[2025-10-28T23:00:15.258+0100] {subprocess.py:93} INFO - [0m22:00:15  [[33mWARNING[0m]: Deprecated functionality
[2025-10-28T23:00:15.258+0100] {subprocess.py:93} INFO - The `tests` config has been renamed to `data_tests`. Please see
[2025-10-28T23:00:15.258+0100] {subprocess.py:93} INFO - https://docs.getdbt.com/docs/build/data-tests#new-data_tests-syntax for more
[2025-10-28T23:00:15.258+0100] {subprocess.py:93} INFO - information.
[2025-10-28T23:00:15.808+0100] {subprocess.py:93} INFO - [0m22:00:15  [[33mWARNING[0m]: Configuration paths exist in your dbt_project.yml file which do not apply to any resources.
[2025-10-28T23:00:15.809+0100] {subprocess.py:93} INFO - There are 1 unused configuration paths:
[2025-10-28T23:00:15.810+0100] {subprocess.py:93} INFO - - models.intermediters
[2025-10-28T23:00:16.132+0100] {subprocess.py:93} INFO - [0m22:00:16  Found 4 models, 8 data tests, 3 sources, 428 macros
[2025-10-28T23:00:16.139+0100] {subprocess.py:93} INFO - [0m22:00:16
[2025-10-28T23:00:16.643+0100] {subprocess.py:93} INFO - [0m22:00:16  Concurrency: 4 threads (target='dev')
[2025-10-28T23:00:16.644+0100] {subprocess.py:93} INFO - [0m22:00:16
[2025-10-28T23:00:16.673+0100] {subprocess.py:93} INFO - [0m22:00:16  1 of 4 START sql incremental model analytics.int_availability_station_hour ..... [RUN]
[2025-10-28T23:00:16.674+0100] {subprocess.py:93} INFO - [0m22:00:16  2 of 4 START sql incremental model analytics.int_performance_station_hour ...... [RUN]
[2025-10-28T23:00:16.680+0100] {subprocess.py:93} INFO - [0m22:00:16  3 of 4 START sql incremental model analytics.int_quality_station_hour .......... [RUN]
[2025-10-28T23:00:21.090+0100] {subprocess.py:93} INFO - [0m22:00:21  2 of 4 OK created sql incremental model analytics.int_performance_station_hour . [[32mSELECT 3091[0m in 4.40s]
[2025-10-28T23:00:23.193+0100] {subprocess.py:93} INFO - [0m22:00:23  1 of 4 OK created sql incremental model analytics.int_availability_station_hour  [[32mSELECT 718[0m in 6.51s]
[2025-10-28T23:00:28.573+0100] {subprocess.py:93} INFO - [0m22:00:28  3 of 4 OK created sql incremental model analytics.int_quality_station_hour ..... [[32mSELECT 3091[0m in 11.88s]
[2025-10-28T23:00:28.576+0100] {subprocess.py:93} INFO - [0m22:00:28  4 of 4 START sql incremental model analytics.int_quality_linewise_datehour ..... [RUN]
[2025-10-28T23:00:29.118+0100] {subprocess.py:93} INFO - [0m22:00:29  4 of 4 OK created sql incremental model analytics.int_quality_linewise_datehour  [[32mSELECT 396[0m in 0.54s]
[2025-10-28T23:00:29.146+0100] {subprocess.py:93} INFO - [0m22:00:29
[2025-10-28T23:00:29.146+0100] {subprocess.py:93} INFO - [0m22:00:29  Finished running 4 incremental models in 0 hours 0 minutes and 13.01 seconds (13.01s).
[2025-10-28T23:00:29.233+0100] {subprocess.py:93} INFO - [0m22:00:29
[2025-10-28T23:00:29.234+0100] {subprocess.py:93} INFO - [0m22:00:29  [32mCompleted successfully[0m
[2025-10-28T23:00:29.235+0100] {subprocess.py:93} INFO - [0m22:00:29
[2025-10-28T23:00:29.236+0100] {subprocess.py:93} INFO - [0m22:00:29  Done. PASS=4 WARN=0 ERROR=0 SKIP=0 TOTAL=4
[2025-10-28T23:00:30.155+0100] {subprocess.py:97} INFO - Command exited with return code 0
[2025-10-28T23:00:30.215+0100] {taskinstance.py:340} INFO - ::group::Post task execution logs
[2025-10-28T23:00:30.216+0100] {taskinstance.py:352} INFO - Marking task as SUCCESS. dag_id=dbt_hourly_refresh, task_id=run_dbt_models, run_id=scheduled__2025-10-28T21:00:00+00:00, execution_date=20251028T210000, start_date=20251028T220001, end_date=20251028T220030
[2025-10-28T23:00:30.252+0100] {local_task_job_runner.py:266} INFO - Task exited with return code 0
[2025-10-28T23:00:30.275+0100] {taskinstance.py:3900} INFO - 0 downstream tasks scheduled from follow-on schedule check
[2025-10-28T23:00:30.277+0100] {local_task_job_runner.py:245} INFO - ::endgroup::
