[2025-10-24T00:33:54.356+0200] {local_task_job_runner.py:123} INFO - ::group::Pre task execution logs
[2025-10-24T00:33:54.404+0200] {taskinstance.py:2612} INFO - Dependencies all met for dep_context=non-requeueable deps ti=<TaskInstance: dbt_hourly_refresh.run_dbt_models manual__2025-10-23T22:33:53.750525+00:00 [queued]>
[2025-10-24T00:33:54.422+0200] {taskinstance.py:2612} INFO - Dependencies all met for dep_context=requeueable deps ti=<TaskInstance: dbt_hourly_refresh.run_dbt_models manual__2025-10-23T22:33:53.750525+00:00 [queued]>
[2025-10-24T00:33:54.423+0200] {taskinstance.py:2865} INFO - Starting attempt 1 of 2
[2025-10-24T00:33:54.443+0200] {taskinstance.py:2888} INFO - Executing <Task(BashOperator): run_dbt_models> on 2025-10-23 22:33:53.750525+00:00
[2025-10-24T00:33:54.465+0200] {standard_task_runner.py:104} INFO - Running: ['***', 'tasks', 'run', 'dbt_hourly_refresh', 'run_dbt_models', 'manual__2025-10-23T22:33:53.750525+00:00', '--job-id', '17', '--raw', '--subdir', 'DAGS_FOLDER/dbt_hourly_refresh_dag.py', '--cfg-path', '/tmp/tmp36owe3t3']
[2025-10-24T00:33:54.479+0200] {standard_task_runner.py:105} INFO - Job 17: Subtask run_dbt_models
[2025-10-24T00:33:54.483+0200] {logging_mixin.py:190} WARNING - /home/***/.local/lib/python3.12/site-packages/***/task/task_runner/standard_task_runner.py:70 DeprecationWarning: This process (pid=588) is multi-threaded, use of fork() may lead to deadlocks in the child.
[2025-10-24T00:33:54.486+0200] {standard_task_runner.py:72} INFO - Started process 589 to run task
[2025-10-24T00:33:54.653+0200] {task_command.py:467} INFO - Running <TaskInstance: dbt_hourly_refresh.run_dbt_models manual__2025-10-23T22:33:53.750525+00:00 [running]> on host 0552639bb6f4
[2025-10-24T00:33:54.839+0200] {taskinstance.py:3131} INFO - Exporting env vars: AIRFLOW_CTX_DAG_OWNER='Aliostadi' AIRFLOW_CTX_DAG_ID='dbt_hourly_refresh' AIRFLOW_CTX_TASK_ID='run_dbt_models' AIRFLOW_CTX_EXECUTION_DATE='2025-10-23T22:33:53.750525+00:00' AIRFLOW_CTX_TRY_NUMBER='1' AIRFLOW_CTX_DAG_RUN_ID='manual__2025-10-23T22:33:53.750525+00:00'
[2025-10-24T00:33:54.840+0200] {taskinstance.py:731} INFO - ::endgroup::
[2025-10-24T00:33:54.883+0200] {subprocess.py:63} INFO - Tmp dir root location: /tmp
[2025-10-24T00:33:54.886+0200] {subprocess.py:75} INFO - Running command: ['/usr/bin/bash', '-c', 'cd /opt/***/dbt_project && docker compose run --rm dbt run']
[2025-10-24T00:33:54.900+0200] {subprocess.py:86} INFO - Output:
[2025-10-24T00:33:55.123+0200] {subprocess.py:93} INFO - unknown flag: --rm
[2025-10-24T00:33:55.123+0200] {subprocess.py:93} INFO - See 'docker --help'.
[2025-10-24T00:33:55.123+0200] {subprocess.py:93} INFO - 
[2025-10-24T00:33:55.124+0200] {subprocess.py:93} INFO - Usage:  docker [OPTIONS] COMMAND
[2025-10-24T00:33:55.124+0200] {subprocess.py:93} INFO - 
[2025-10-24T00:33:55.124+0200] {subprocess.py:93} INFO - A self-sufficient runtime for containers
[2025-10-24T00:33:55.124+0200] {subprocess.py:93} INFO - 
[2025-10-24T00:33:55.124+0200] {subprocess.py:93} INFO - Common Commands:
[2025-10-24T00:33:55.125+0200] {subprocess.py:93} INFO -   run         Create and run a new container from an image
[2025-10-24T00:33:55.125+0200] {subprocess.py:93} INFO -   exec        Execute a command in a running container
[2025-10-24T00:33:55.125+0200] {subprocess.py:93} INFO -   ps          List containers
[2025-10-24T00:33:55.125+0200] {subprocess.py:93} INFO -   build       Build an image from a Dockerfile
[2025-10-24T00:33:55.126+0200] {subprocess.py:93} INFO -   pull        Download an image from a registry
[2025-10-24T00:33:55.126+0200] {subprocess.py:93} INFO -   push        Upload an image to a registry
[2025-10-24T00:33:55.126+0200] {subprocess.py:93} INFO -   images      List images
[2025-10-24T00:33:55.126+0200] {subprocess.py:93} INFO -   login       Authenticate to a registry
[2025-10-24T00:33:55.126+0200] {subprocess.py:93} INFO -   logout      Log out from a registry
[2025-10-24T00:33:55.126+0200] {subprocess.py:93} INFO -   search      Search Docker Hub for images
[2025-10-24T00:33:55.127+0200] {subprocess.py:93} INFO -   version     Show the Docker version information
[2025-10-24T00:33:55.127+0200] {subprocess.py:93} INFO -   info        Display system-wide information
[2025-10-24T00:33:55.127+0200] {subprocess.py:93} INFO - 
[2025-10-24T00:33:55.127+0200] {subprocess.py:93} INFO - Management Commands:
[2025-10-24T00:33:55.127+0200] {subprocess.py:93} INFO -   builder     Manage builds
[2025-10-24T00:33:55.127+0200] {subprocess.py:93} INFO -   checkpoint  Manage checkpoints
[2025-10-24T00:33:55.128+0200] {subprocess.py:93} INFO -   container   Manage containers
[2025-10-24T00:33:55.128+0200] {subprocess.py:93} INFO -   context     Manage contexts
[2025-10-24T00:33:55.128+0200] {subprocess.py:93} INFO -   image       Manage images
[2025-10-24T00:33:55.128+0200] {subprocess.py:93} INFO -   manifest    Manage Docker image manifests and manifest lists
[2025-10-24T00:33:55.128+0200] {subprocess.py:93} INFO -   network     Manage networks
[2025-10-24T00:33:55.128+0200] {subprocess.py:93} INFO -   plugin      Manage plugins
[2025-10-24T00:33:55.128+0200] {subprocess.py:93} INFO -   system      Manage Docker
[2025-10-24T00:33:55.128+0200] {subprocess.py:93} INFO -   trust       Manage trust on Docker images
[2025-10-24T00:33:55.129+0200] {subprocess.py:93} INFO -   volume      Manage volumes
[2025-10-24T00:33:55.129+0200] {subprocess.py:93} INFO - 
[2025-10-24T00:33:55.129+0200] {subprocess.py:93} INFO - Swarm Commands:
[2025-10-24T00:33:55.129+0200] {subprocess.py:93} INFO -   config      Manage Swarm configs
[2025-10-24T00:33:55.129+0200] {subprocess.py:93} INFO -   node        Manage Swarm nodes
[2025-10-24T00:33:55.129+0200] {subprocess.py:93} INFO -   secret      Manage Swarm secrets
[2025-10-24T00:33:55.129+0200] {subprocess.py:93} INFO -   service     Manage Swarm services
[2025-10-24T00:33:55.130+0200] {subprocess.py:93} INFO -   stack       Manage Swarm stacks
[2025-10-24T00:33:55.130+0200] {subprocess.py:93} INFO -   swarm       Manage Swarm
[2025-10-24T00:33:55.130+0200] {subprocess.py:93} INFO - 
[2025-10-24T00:33:55.130+0200] {subprocess.py:93} INFO - Commands:
[2025-10-24T00:33:55.130+0200] {subprocess.py:93} INFO -   attach      Attach local standard input, output, and error streams to a running container
[2025-10-24T00:33:55.130+0200] {subprocess.py:93} INFO -   commit      Create a new image from a container's changes
[2025-10-24T00:33:55.131+0200] {subprocess.py:93} INFO -   cp          Copy files/folders between a container and the local filesystem
[2025-10-24T00:33:55.131+0200] {subprocess.py:93} INFO -   create      Create a new container
[2025-10-24T00:33:55.131+0200] {subprocess.py:93} INFO -   diff        Inspect changes to files or directories on a container's filesystem
[2025-10-24T00:33:55.131+0200] {subprocess.py:93} INFO -   events      Get real time events from the server
[2025-10-24T00:33:55.131+0200] {subprocess.py:93} INFO -   export      Export a container's filesystem as a tar archive
[2025-10-24T00:33:55.131+0200] {subprocess.py:93} INFO -   history     Show the history of an image
[2025-10-24T00:33:55.132+0200] {subprocess.py:93} INFO -   import      Import the contents from a tarball to create a filesystem image
[2025-10-24T00:33:55.132+0200] {subprocess.py:93} INFO -   inspect     Return low-level information on Docker objects
[2025-10-24T00:33:55.132+0200] {subprocess.py:93} INFO -   kill        Kill one or more running containers
[2025-10-24T00:33:55.132+0200] {subprocess.py:93} INFO -   load        Load an image from a tar archive or STDIN
[2025-10-24T00:33:55.132+0200] {subprocess.py:93} INFO -   logs        Fetch the logs of a container
[2025-10-24T00:33:55.132+0200] {subprocess.py:93} INFO -   pause       Pause all processes within one or more containers
[2025-10-24T00:33:55.132+0200] {subprocess.py:93} INFO -   port        List port mappings or a specific mapping for the container
[2025-10-24T00:33:55.132+0200] {subprocess.py:93} INFO -   rename      Rename a container
[2025-10-24T00:33:55.133+0200] {subprocess.py:93} INFO -   restart     Restart one or more containers
[2025-10-24T00:33:55.133+0200] {subprocess.py:93} INFO -   rm          Remove one or more containers
[2025-10-24T00:33:55.133+0200] {subprocess.py:93} INFO -   rmi         Remove one or more images
[2025-10-24T00:33:55.133+0200] {subprocess.py:93} INFO -   save        Save one or more images to a tar archive (streamed to STDOUT by default)
[2025-10-24T00:33:55.133+0200] {subprocess.py:93} INFO -   start       Start one or more stopped containers
[2025-10-24T00:33:55.133+0200] {subprocess.py:93} INFO -   stats       Display a live stream of container(s) resource usage statistics
[2025-10-24T00:33:55.133+0200] {subprocess.py:93} INFO -   stop        Stop one or more running containers
[2025-10-24T00:33:55.134+0200] {subprocess.py:93} INFO -   tag         Create a tag TARGET_IMAGE that refers to SOURCE_IMAGE
[2025-10-24T00:33:55.134+0200] {subprocess.py:93} INFO -   top         Display the running processes of a container
[2025-10-24T00:33:55.134+0200] {subprocess.py:93} INFO -   unpause     Unpause all processes within one or more containers
[2025-10-24T00:33:55.134+0200] {subprocess.py:93} INFO -   update      Update configuration of one or more containers
[2025-10-24T00:33:55.134+0200] {subprocess.py:93} INFO -   wait        Block until one or more containers stop, then print their exit codes
[2025-10-24T00:33:55.134+0200] {subprocess.py:93} INFO - 
[2025-10-24T00:33:55.134+0200] {subprocess.py:93} INFO - Global Options:
[2025-10-24T00:33:55.134+0200] {subprocess.py:93} INFO -       --config string      Location of client config files (default
[2025-10-24T00:33:55.135+0200] {subprocess.py:93} INFO -                            "/home/***/.docker")
[2025-10-24T00:33:55.135+0200] {subprocess.py:93} INFO -   -c, --context string     Name of the context to use to connect to the
[2025-10-24T00:33:55.135+0200] {subprocess.py:93} INFO -                            daemon (overrides DOCKER_HOST env var and
[2025-10-24T00:33:55.135+0200] {subprocess.py:93} INFO -                            default context set with "docker context use")
[2025-10-24T00:33:55.135+0200] {subprocess.py:93} INFO -   -D, --debug              Enable debug mode
[2025-10-24T00:33:55.135+0200] {subprocess.py:93} INFO -   -H, --host list          Daemon socket to connect to
[2025-10-24T00:33:55.135+0200] {subprocess.py:93} INFO -   -l, --log-level string   Set the logging level ("debug", "info",
[2025-10-24T00:33:55.135+0200] {subprocess.py:93} INFO -                            "warn", "error", "fatal") (default "info")
[2025-10-24T00:33:55.136+0200] {subprocess.py:93} INFO -       --tls                Use TLS; implied by --tlsverify
[2025-10-24T00:33:55.136+0200] {subprocess.py:93} INFO -       --tlscacert string   Trust certs signed only by this CA (default
[2025-10-24T00:33:55.136+0200] {subprocess.py:93} INFO -                            "/home/***/.docker/ca.pem")
[2025-10-24T00:33:55.136+0200] {subprocess.py:93} INFO -       --tlscert string     Path to TLS certificate file (default
[2025-10-24T00:33:55.136+0200] {subprocess.py:93} INFO -                            "/home/***/.docker/cert.pem")
[2025-10-24T00:33:55.136+0200] {subprocess.py:93} INFO -       --tlskey string      Path to TLS key file (default
[2025-10-24T00:33:55.136+0200] {subprocess.py:93} INFO -                            "/home/***/.docker/key.pem")
[2025-10-24T00:33:55.137+0200] {subprocess.py:93} INFO -       --tlsverify          Use TLS and verify the remote
[2025-10-24T00:33:55.137+0200] {subprocess.py:93} INFO -   -v, --version            Print version information and quit
[2025-10-24T00:33:55.137+0200] {subprocess.py:93} INFO - 
[2025-10-24T00:33:55.137+0200] {subprocess.py:93} INFO - Run 'docker COMMAND --help' for more information on a command.
[2025-10-24T00:33:55.137+0200] {subprocess.py:93} INFO - 
[2025-10-24T00:33:55.137+0200] {subprocess.py:93} INFO - For more help on how to use Docker, head to https://docs.docker.com/go/guides/
[2025-10-24T00:33:55.137+0200] {subprocess.py:93} INFO - 
[2025-10-24T00:33:55.138+0200] {subprocess.py:97} INFO - Command exited with return code 125
[2025-10-24T00:33:55.153+0200] {taskinstance.py:3310} ERROR - Task failed with exception
Traceback (most recent call last):
  File "/home/airflow/.local/lib/python3.12/site-packages/airflow/models/taskinstance.py", line 767, in _execute_task
    result = _execute_callable(context=context, **execute_callable_kwargs)
             ^^^^^^^^^^^^^^^^^^^^^^^^^^^^^^^^^^^^^^^^^^^^^^^^^^^^^^^^^^^^^
  File "/home/airflow/.local/lib/python3.12/site-packages/airflow/models/taskinstance.py", line 733, in _execute_callable
    return ExecutionCallableRunner(
           ^^^^^^^^^^^^^^^^^^^^^^^^
  File "/home/airflow/.local/lib/python3.12/site-packages/airflow/utils/operator_helpers.py", line 252, in run
    return self.func(*args, **kwargs)
           ^^^^^^^^^^^^^^^^^^^^^^^^^^
  File "/home/airflow/.local/lib/python3.12/site-packages/airflow/models/baseoperator.py", line 406, in wrapper
    return func(self, *args, **kwargs)
           ^^^^^^^^^^^^^^^^^^^^^^^^^^^
  File "/home/airflow/.local/lib/python3.12/site-packages/airflow/operators/bash.py", line 249, in execute
    raise AirflowException(
airflow.exceptions.AirflowException: Bash command failed. The command returned a non-zero exit code 125.
[2025-10-24T00:33:55.166+0200] {taskinstance.py:1225} INFO - Marking task as UP_FOR_RETRY. dag_id=dbt_hourly_refresh, task_id=run_dbt_models, run_id=manual__2025-10-23T22:33:53.750525+00:00, execution_date=20251023T223353, start_date=20251023T223354, end_date=20251023T223355
[2025-10-24T00:33:55.186+0200] {taskinstance.py:340} INFO - ::group::Post task execution logs
[2025-10-24T00:33:55.187+0200] {standard_task_runner.py:124} ERROR - Failed to execute job 17 for task run_dbt_models (Bash command failed. The command returned a non-zero exit code 125.; 589)
Traceback (most recent call last):
  File "/home/airflow/.local/lib/python3.12/site-packages/airflow/task/task_runner/standard_task_runner.py", line 117, in _start_by_fork
    ret = args.func(args, dag=self.dag)
          ^^^^^^^^^^^^^^^^^^^^^^^^^^^^^
  File "/home/airflow/.local/lib/python3.12/site-packages/airflow/cli/cli_config.py", line 49, in command
    return func(*args, **kwargs)
           ^^^^^^^^^^^^^^^^^^^^^
  File "/home/airflow/.local/lib/python3.12/site-packages/airflow/utils/cli.py", line 115, in wrapper
    return f(*args, **kwargs)
           ^^^^^^^^^^^^^^^^^^
  File "/home/airflow/.local/lib/python3.12/site-packages/airflow/cli/commands/task_command.py", line 483, in task_run
    task_return_code = _run_task_by_selected_method(args, _dag, ti)
                       ^^^^^^^^^^^^^^^^^^^^^^^^^^^^^^^^^^^^^^^^^^^^
  File "/home/airflow/.local/lib/python3.12/site-packages/airflow/cli/commands/task_command.py", line 256, in _run_task_by_selected_method
    return _run_raw_task(args, ti)
           ^^^^^^^^^^^^^^^^^^^^^^^
  File "/home/airflow/.local/lib/python3.12/site-packages/airflow/cli/commands/task_command.py", line 341, in _run_raw_task
    return ti._run_raw_task(
           ^^^^^^^^^^^^^^^^^
  File "/home/airflow/.local/lib/python3.12/site-packages/airflow/utils/session.py", line 97, in wrapper
    return func(*args, session=session, **kwargs)
           ^^^^^^^^^^^^^^^^^^^^^^^^^^^^^^^^^^^^^^
  File "/home/airflow/.local/lib/python3.12/site-packages/airflow/models/taskinstance.py", line 3004, in _run_raw_task
    return _run_raw_task(
           ^^^^^^^^^^^^^^
  File "/home/airflow/.local/lib/python3.12/site-packages/airflow/models/taskinstance.py", line 273, in _run_raw_task
    TaskInstance._execute_task_with_callbacks(
  File "/home/airflow/.local/lib/python3.12/site-packages/airflow/models/taskinstance.py", line 3158, in _execute_task_with_callbacks
    result = self._execute_task(context, task_orig)
             ^^^^^^^^^^^^^^^^^^^^^^^^^^^^^^^^^^^^^^
  File "/home/airflow/.local/lib/python3.12/site-packages/airflow/models/taskinstance.py", line 3182, in _execute_task
    return _execute_task(self, context, task_orig)
           ^^^^^^^^^^^^^^^^^^^^^^^^^^^^^^^^^^^^^^^
  File "/home/airflow/.local/lib/python3.12/site-packages/airflow/models/taskinstance.py", line 767, in _execute_task
    result = _execute_callable(context=context, **execute_callable_kwargs)
             ^^^^^^^^^^^^^^^^^^^^^^^^^^^^^^^^^^^^^^^^^^^^^^^^^^^^^^^^^^^^^
  File "/home/airflow/.local/lib/python3.12/site-packages/airflow/models/taskinstance.py", line 733, in _execute_callable
    return ExecutionCallableRunner(
           ^^^^^^^^^^^^^^^^^^^^^^^^
  File "/home/airflow/.local/lib/python3.12/site-packages/airflow/utils/operator_helpers.py", line 252, in run
    return self.func(*args, **kwargs)
           ^^^^^^^^^^^^^^^^^^^^^^^^^^
  File "/home/airflow/.local/lib/python3.12/site-packages/airflow/models/baseoperator.py", line 406, in wrapper
    return func(self, *args, **kwargs)
           ^^^^^^^^^^^^^^^^^^^^^^^^^^^
  File "/home/airflow/.local/lib/python3.12/site-packages/airflow/operators/bash.py", line 249, in execute
    raise AirflowException(
airflow.exceptions.AirflowException: Bash command failed. The command returned a non-zero exit code 125.
[2025-10-24T00:33:55.233+0200] {local_task_job_runner.py:266} INFO - Task exited with return code 1
[2025-10-24T00:33:55.253+0200] {taskinstance.py:3900} INFO - 0 downstream tasks scheduled from follow-on schedule check
[2025-10-24T00:33:55.255+0200] {local_task_job_runner.py:245} INFO - ::endgroup::
