[2025-10-25T22:00:01.330+0200] {local_task_job_runner.py:123} INFO - ::group::Pre task execution logs
[2025-10-25T22:00:01.358+0200] {taskinstance.py:2612} INFO - Dependencies all met for dep_context=non-requeueable deps ti=<TaskInstance: dbt_hourly_refresh.run_dbt_models scheduled__2025-10-25T19:00:00+00:00 [queued]>
[2025-10-25T22:00:01.370+0200] {taskinstance.py:2612} INFO - Dependencies all met for dep_context=requeueable deps ti=<TaskInstance: dbt_hourly_refresh.run_dbt_models scheduled__2025-10-25T19:00:00+00:00 [queued]>
[2025-10-25T22:00:01.370+0200] {taskinstance.py:2865} INFO - Starting attempt 1 of 2
[2025-10-25T22:00:01.389+0200] {taskinstance.py:2888} INFO - Executing <Task(BashOperator): run_dbt_models> on 2025-10-25 19:00:00+00:00
[2025-10-25T22:00:01.401+0200] {standard_task_runner.py:104} INFO - Running: ['***', 'tasks', 'run', 'dbt_hourly_refresh', 'run_dbt_models', 'scheduled__2025-10-25T19:00:00+00:00', '--job-id', '56', '--raw', '--subdir', 'DAGS_FOLDER/dbt_hourly_refresh_dag.py', '--cfg-path', '/tmp/tmpt4xf6bsa']
[2025-10-25T22:00:01.408+0200] {standard_task_runner.py:105} INFO - Job 56: Subtask run_dbt_models
[2025-10-25T22:00:01.410+0200] {logging_mixin.py:190} WARNING - /home/***/.local/lib/python3.12/site-packages/***/task/task_runner/standard_task_runner.py:70 DeprecationWarning: This process (pid=4452) is multi-threaded, use of fork() may lead to deadlocks in the child.
[2025-10-25T22:00:01.411+0200] {standard_task_runner.py:72} INFO - Started process 4456 to run task
[2025-10-25T22:00:01.488+0200] {task_command.py:467} INFO - Running <TaskInstance: dbt_hourly_refresh.run_dbt_models scheduled__2025-10-25T19:00:00+00:00 [running]> on host 197aef1bec7d
[2025-10-25T22:00:01.654+0200] {taskinstance.py:3131} INFO - Exporting env vars: AIRFLOW_CTX_DAG_OWNER='Aliostadi' AIRFLOW_CTX_DAG_ID='dbt_hourly_refresh' AIRFLOW_CTX_TASK_ID='run_dbt_models' AIRFLOW_CTX_EXECUTION_DATE='2025-10-25T19:00:00+00:00' AIRFLOW_CTX_TRY_NUMBER='1' AIRFLOW_CTX_DAG_RUN_ID='scheduled__2025-10-25T19:00:00+00:00'
[2025-10-25T22:00:01.655+0200] {taskinstance.py:731} INFO - ::endgroup::
[2025-10-25T22:00:01.709+0200] {subprocess.py:63} INFO - Tmp dir root location: /tmp
[2025-10-25T22:00:01.710+0200] {subprocess.py:75} INFO - Running command: ['/usr/bin/bash', '-c', 'cd /opt/***/dbt_project && dbt clean && dbt run --full-refresh']
[2025-10-25T22:00:01.727+0200] {subprocess.py:86} INFO - Output:
[2025-10-25T22:00:05.765+0200] {subprocess.py:93} INFO - [0m20:00:05  Running with dbt=1.8.3
[2025-10-25T22:00:06.197+0200] {subprocess.py:93} INFO - [0m20:00:06  Checking /opt/***/dbt_project/target/*
[2025-10-25T22:00:06.199+0200] {subprocess.py:93} INFO - [0m20:00:06  Cleaned /opt/***/dbt_project/target/*
[2025-10-25T22:00:06.199+0200] {subprocess.py:93} INFO - [0m20:00:06  Checking /opt/***/dbt_project/dbt_packages/*
[2025-10-25T22:00:06.199+0200] {subprocess.py:93} INFO - [0m20:00:06  Cleaned /opt/***/dbt_project/dbt_packages/*
[2025-10-25T22:00:06.200+0200] {subprocess.py:93} INFO - [0m20:00:06  Finished cleaning all paths.
[2025-10-25T22:00:11.256+0200] {subprocess.py:93} INFO - [0m20:00:11  Running with dbt=1.8.3
[2025-10-25T22:00:11.599+0200] {subprocess.py:93} INFO - [0m20:00:11  Registered adapter: postgres=1.8.2
[2025-10-25T22:00:11.775+0200] {subprocess.py:93} INFO - [0m20:00:11  Unable to do partial parsing because saved manifest not found. Starting full parse.
[2025-10-25T22:00:13.638+0200] {subprocess.py:93} INFO - [0m20:00:13  [[33mWARNING[0m]: Deprecated functionality
[2025-10-25T22:00:13.639+0200] {subprocess.py:93} INFO - The `tests` config has been renamed to `data_tests`. Please see
[2025-10-25T22:00:13.639+0200] {subprocess.py:93} INFO - https://docs.getdbt.com/docs/build/data-tests#new-data_tests-syntax for more
[2025-10-25T22:00:13.640+0200] {subprocess.py:93} INFO - information.
[2025-10-25T22:00:14.409+0200] {subprocess.py:93} INFO - [0m20:00:14  [[33mWARNING[0m]: Configuration paths exist in your dbt_project.yml file which do not apply to any resources.
[2025-10-25T22:00:14.409+0200] {subprocess.py:93} INFO - There are 1 unused configuration paths:
[2025-10-25T22:00:14.409+0200] {subprocess.py:93} INFO - - models.intermediters
[2025-10-25T22:00:14.643+0200] {subprocess.py:93} INFO - [0m20:00:14  Found 3 models, 6 data tests, 3 sources, 428 macros
[2025-10-25T22:00:14.646+0200] {subprocess.py:93} INFO - [0m20:00:14
[2025-10-25T22:00:14.838+0200] {subprocess.py:93} INFO - [0m20:00:14  Concurrency: 4 threads (target='dev')
[2025-10-25T22:00:14.839+0200] {subprocess.py:93} INFO - [0m20:00:14
[2025-10-25T22:00:14.859+0200] {subprocess.py:93} INFO - [0m20:00:14  1 of 3 START sql incremental model analytics.int_performance_station_hour ...... [RUN]
[2025-10-25T22:00:14.860+0200] {subprocess.py:93} INFO - [0m20:00:14  2 of 3 START sql incremental model analytics.int_quality_station_hour .......... [RUN]
[2025-10-25T22:00:16.005+0200] {subprocess.py:93} INFO - [0m20:00:16  1 of 3 OK created sql incremental model analytics.int_performance_station_hour . [[32mSELECT 3083[0m in 1.14s]
[2025-10-25T22:00:24.217+0200] {subprocess.py:93} INFO - [0m20:00:24  2 of 3 OK created sql incremental model analytics.int_quality_station_hour ..... [[32mSELECT 3083[0m in 9.35s]
[2025-10-25T22:00:24.222+0200] {subprocess.py:93} INFO - [0m20:00:24  3 of 3 START sql incremental model analytics.int_quality_linewise_datehour ..... [RUN]
[2025-10-25T22:00:24.630+0200] {subprocess.py:93} INFO - [0m20:00:24  3 of 3 OK created sql incremental model analytics.int_quality_linewise_datehour  [[32mSELECT 395[0m in 0.41s]
[2025-10-25T22:00:24.653+0200] {subprocess.py:93} INFO - [0m20:00:24
[2025-10-25T22:00:24.654+0200] {subprocess.py:93} INFO - [0m20:00:24  Finished running 3 incremental models in 0 hours 0 minutes and 10.00 seconds (10.00s).
[2025-10-25T22:00:24.694+0200] {subprocess.py:93} INFO - [0m20:00:24
[2025-10-25T22:00:24.695+0200] {subprocess.py:93} INFO - [0m20:00:24  [32mCompleted successfully[0m
[2025-10-25T22:00:24.695+0200] {subprocess.py:93} INFO - [0m20:00:24
[2025-10-25T22:00:24.696+0200] {subprocess.py:93} INFO - [0m20:00:24  Done. PASS=3 WARN=0 ERROR=0 SKIP=0 TOTAL=3
[2025-10-25T22:00:25.627+0200] {subprocess.py:97} INFO - Command exited with return code 0
[2025-10-25T22:00:25.667+0200] {taskinstance.py:340} INFO - ::group::Post task execution logs
[2025-10-25T22:00:25.668+0200] {taskinstance.py:352} INFO - Marking task as SUCCESS. dag_id=dbt_hourly_refresh, task_id=run_dbt_models, run_id=scheduled__2025-10-25T19:00:00+00:00, execution_date=20251025T190000, start_date=20251025T200001, end_date=20251025T200025
[2025-10-25T22:00:25.690+0200] {local_task_job_runner.py:266} INFO - Task exited with return code 0
[2025-10-25T22:00:25.728+0200] {taskinstance.py:3900} INFO - 0 downstream tasks scheduled from follow-on schedule check
[2025-10-25T22:00:25.731+0200] {local_task_job_runner.py:245} INFO - ::endgroup::
