[2025-10-25T20:00:00.629+0200] {local_task_job_runner.py:123} INFO - ::group::Pre task execution logs
[2025-10-25T20:00:00.655+0200] {taskinstance.py:2612} INFO - Dependencies all met for dep_context=non-requeueable deps ti=<TaskInstance: dbt_hourly_refresh.run_dbt_models scheduled__2025-10-25T17:00:00+00:00 [queued]>
[2025-10-25T20:00:00.665+0200] {taskinstance.py:2612} INFO - Dependencies all met for dep_context=requeueable deps ti=<TaskInstance: dbt_hourly_refresh.run_dbt_models scheduled__2025-10-25T17:00:00+00:00 [queued]>
[2025-10-25T20:00:00.666+0200] {taskinstance.py:2865} INFO - Starting attempt 1 of 2
[2025-10-25T20:00:00.682+0200] {taskinstance.py:2888} INFO - Executing <Task(BashOperator): run_dbt_models> on 2025-10-25 17:00:00+00:00
[2025-10-25T20:00:00.694+0200] {standard_task_runner.py:104} INFO - Running: ['***', 'tasks', 'run', 'dbt_hourly_refresh', 'run_dbt_models', 'scheduled__2025-10-25T17:00:00+00:00', '--job-id', '54', '--raw', '--subdir', 'DAGS_FOLDER/dbt_hourly_refresh_dag.py', '--cfg-path', '/tmp/tmp0t79rpi2']
[2025-10-25T20:00:00.697+0200] {standard_task_runner.py:105} INFO - Job 54: Subtask run_dbt_models
[2025-10-25T20:00:00.699+0200] {logging_mixin.py:190} WARNING - /home/***/.local/lib/python3.12/site-packages/***/task/task_runner/standard_task_runner.py:70 DeprecationWarning: This process (pid=3231) is multi-threaded, use of fork() may lead to deadlocks in the child.
[2025-10-25T20:00:00.700+0200] {standard_task_runner.py:72} INFO - Started process 3232 to run task
[2025-10-25T20:00:00.769+0200] {task_command.py:467} INFO - Running <TaskInstance: dbt_hourly_refresh.run_dbt_models scheduled__2025-10-25T17:00:00+00:00 [running]> on host 197aef1bec7d
[2025-10-25T20:00:00.905+0200] {taskinstance.py:3131} INFO - Exporting env vars: AIRFLOW_CTX_DAG_OWNER='Aliostadi' AIRFLOW_CTX_DAG_ID='dbt_hourly_refresh' AIRFLOW_CTX_TASK_ID='run_dbt_models' AIRFLOW_CTX_EXECUTION_DATE='2025-10-25T17:00:00+00:00' AIRFLOW_CTX_TRY_NUMBER='1' AIRFLOW_CTX_DAG_RUN_ID='scheduled__2025-10-25T17:00:00+00:00'
[2025-10-25T20:00:00.907+0200] {taskinstance.py:731} INFO - ::endgroup::
[2025-10-25T20:00:00.990+0200] {subprocess.py:63} INFO - Tmp dir root location: /tmp
[2025-10-25T20:00:00.992+0200] {subprocess.py:75} INFO - Running command: ['/usr/bin/bash', '-c', 'cd /opt/***/dbt_project && dbt clean && dbt run --full-refresh']
[2025-10-25T20:00:01.011+0200] {subprocess.py:86} INFO - Output:
[2025-10-25T20:00:07.822+0200] {subprocess.py:93} INFO - [0m18:00:07  Running with dbt=1.8.3
[2025-10-25T20:00:08.391+0200] {subprocess.py:93} INFO - [0m18:00:08  Checking /opt/***/dbt_project/dbt_packages/*
[2025-10-25T20:00:08.391+0200] {subprocess.py:93} INFO - [0m18:00:08  Cleaned /opt/***/dbt_project/dbt_packages/*
[2025-10-25T20:00:08.392+0200] {subprocess.py:93} INFO - [0m18:00:08  Checking /opt/***/dbt_project/target/*
[2025-10-25T20:00:08.402+0200] {subprocess.py:93} INFO - [0m18:00:08  Cleaned /opt/***/dbt_project/target/*
[2025-10-25T20:00:08.402+0200] {subprocess.py:93} INFO - [0m18:00:08  Finished cleaning all paths.
[2025-10-25T20:00:13.950+0200] {subprocess.py:93} INFO - [0m18:00:13  Running with dbt=1.8.3
[2025-10-25T20:00:14.394+0200] {subprocess.py:93} INFO - [0m18:00:14  Registered adapter: postgres=1.8.2
[2025-10-25T20:00:14.583+0200] {subprocess.py:93} INFO - [0m18:00:14  Unable to do partial parsing because saved manifest not found. Starting full parse.
[2025-10-25T20:00:16.810+0200] {subprocess.py:93} INFO - [0m18:00:16  [[33mWARNING[0m]: Deprecated functionality
[2025-10-25T20:00:16.811+0200] {subprocess.py:93} INFO - The `tests` config has been renamed to `data_tests`. Please see
[2025-10-25T20:00:16.811+0200] {subprocess.py:93} INFO - https://docs.getdbt.com/docs/build/data-tests#new-data_tests-syntax for more
[2025-10-25T20:00:16.812+0200] {subprocess.py:93} INFO - information.
[2025-10-25T20:00:17.315+0200] {subprocess.py:93} INFO - [0m18:00:17  [[33mWARNING[0m]: Configuration paths exist in your dbt_project.yml file which do not apply to any resources.
[2025-10-25T20:00:17.316+0200] {subprocess.py:93} INFO - There are 1 unused configuration paths:
[2025-10-25T20:00:17.316+0200] {subprocess.py:93} INFO - - models.intermediters
[2025-10-25T20:00:17.627+0200] {subprocess.py:93} INFO - [0m18:00:17  Found 3 models, 6 data tests, 3 sources, 428 macros
[2025-10-25T20:00:17.631+0200] {subprocess.py:93} INFO - [0m18:00:17
[2025-10-25T20:00:17.855+0200] {subprocess.py:93} INFO - [0m18:00:17  Concurrency: 4 threads (target='dev')
[2025-10-25T20:00:17.856+0200] {subprocess.py:93} INFO - [0m18:00:17
[2025-10-25T20:00:17.879+0200] {subprocess.py:93} INFO - [0m18:00:17  1 of 3 START sql incremental model analytics.int_performance_station_hour ...... [RUN]
[2025-10-25T20:00:17.880+0200] {subprocess.py:93} INFO - [0m18:00:17  2 of 3 START sql incremental model analytics.int_quality_station_hour .......... [RUN]
[2025-10-25T20:00:19.865+0200] {subprocess.py:93} INFO - [0m18:00:19  1 of 3 OK created sql incremental model analytics.int_performance_station_hour . [[32mSELECT 3083[0m in 1.98s]
[2025-10-25T20:00:28.713+0200] {subprocess.py:93} INFO - [0m18:00:28  2 of 3 OK created sql incremental model analytics.int_quality_station_hour ..... [[32mSELECT 3083[0m in 10.83s]
[2025-10-25T20:00:28.719+0200] {subprocess.py:93} INFO - [0m18:00:28  3 of 3 START sql incremental model analytics.int_quality_linewise_datehour ..... [RUN]
[2025-10-25T20:00:29.126+0200] {subprocess.py:93} INFO - [0m18:00:29  3 of 3 OK created sql incremental model analytics.int_quality_linewise_datehour  [[32mSELECT 395[0m in 0.41s]
[2025-10-25T20:00:29.165+0200] {subprocess.py:93} INFO - [0m18:00:29
[2025-10-25T20:00:29.166+0200] {subprocess.py:93} INFO - [0m18:00:29  Finished running 3 incremental models in 0 hours 0 minutes and 11.53 seconds (11.53s).
[2025-10-25T20:00:29.230+0200] {subprocess.py:93} INFO - [0m18:00:29
[2025-10-25T20:00:29.231+0200] {subprocess.py:93} INFO - [0m18:00:29  [32mCompleted successfully[0m
[2025-10-25T20:00:29.231+0200] {subprocess.py:93} INFO - [0m18:00:29
[2025-10-25T20:00:29.232+0200] {subprocess.py:93} INFO - [0m18:00:29  Done. PASS=3 WARN=0 ERROR=0 SKIP=0 TOTAL=3
[2025-10-25T20:00:30.314+0200] {subprocess.py:97} INFO - Command exited with return code 0
[2025-10-25T20:00:30.357+0200] {taskinstance.py:340} INFO - ::group::Post task execution logs
[2025-10-25T20:00:30.358+0200] {taskinstance.py:352} INFO - Marking task as SUCCESS. dag_id=dbt_hourly_refresh, task_id=run_dbt_models, run_id=scheduled__2025-10-25T17:00:00+00:00, execution_date=20251025T170000, start_date=20251025T180000, end_date=20251025T180030
[2025-10-25T20:00:30.399+0200] {local_task_job_runner.py:266} INFO - Task exited with return code 0
[2025-10-25T20:00:30.423+0200] {taskinstance.py:3900} INFO - 0 downstream tasks scheduled from follow-on schedule check
[2025-10-25T20:00:30.425+0200] {local_task_job_runner.py:245} INFO - ::endgroup::
