[2025-10-26T19:00:01.271+0100] {local_task_job_runner.py:123} INFO - ::group::Pre task execution logs
[2025-10-26T19:00:01.310+0100] {taskinstance.py:2612} INFO - Dependencies all met for dep_context=non-requeueable deps ti=<TaskInstance: dbt_hourly_refresh.run_dbt_models scheduled__2025-10-26T17:00:00+00:00 [queued]>
[2025-10-26T19:00:01.328+0100] {taskinstance.py:2612} INFO - Dependencies all met for dep_context=requeueable deps ti=<TaskInstance: dbt_hourly_refresh.run_dbt_models scheduled__2025-10-26T17:00:00+00:00 [queued]>
[2025-10-26T19:00:01.328+0100] {taskinstance.py:2865} INFO - Starting attempt 1 of 2
[2025-10-26T19:00:01.351+0100] {taskinstance.py:2888} INFO - Executing <Task(BashOperator): run_dbt_models> on 2025-10-26 17:00:00+00:00
[2025-10-26T19:00:01.364+0100] {standard_task_runner.py:104} INFO - Running: ['***', 'tasks', 'run', 'dbt_hourly_refresh', 'run_dbt_models', 'scheduled__2025-10-26T17:00:00+00:00', '--job-id', '64', '--raw', '--subdir', 'DAGS_FOLDER/dbt_hourly_refresh_dag.py', '--cfg-path', '/tmp/tmpp0b4c0z1']
[2025-10-26T19:00:01.369+0100] {standard_task_runner.py:105} INFO - Job 64: Subtask run_dbt_models
[2025-10-26T19:00:01.372+0100] {logging_mixin.py:190} WARNING - /home/***/.local/lib/python3.12/site-packages/***/task/task_runner/standard_task_runner.py:70 DeprecationWarning: This process (pid=1940) is multi-threaded, use of fork() may lead to deadlocks in the child.
[2025-10-26T19:00:01.373+0100] {standard_task_runner.py:72} INFO - Started process 1941 to run task
[2025-10-26T19:00:01.500+0100] {task_command.py:467} INFO - Running <TaskInstance: dbt_hourly_refresh.run_dbt_models scheduled__2025-10-26T17:00:00+00:00 [running]> on host f229876aebe2
[2025-10-26T19:00:01.683+0100] {taskinstance.py:3131} INFO - Exporting env vars: AIRFLOW_CTX_DAG_OWNER='Aliostadi' AIRFLOW_CTX_DAG_ID='dbt_hourly_refresh' AIRFLOW_CTX_TASK_ID='run_dbt_models' AIRFLOW_CTX_EXECUTION_DATE='2025-10-26T17:00:00+00:00' AIRFLOW_CTX_TRY_NUMBER='1' AIRFLOW_CTX_DAG_RUN_ID='scheduled__2025-10-26T17:00:00+00:00'
[2025-10-26T19:00:01.685+0100] {taskinstance.py:731} INFO - ::endgroup::
[2025-10-26T19:00:01.769+0100] {subprocess.py:63} INFO - Tmp dir root location: /tmp
[2025-10-26T19:00:01.771+0100] {subprocess.py:75} INFO - Running command: ['/usr/bin/bash', '-c', 'cd /opt/***/dbt_project && dbt clean && dbt run --full-refresh']
[2025-10-26T19:00:01.791+0100] {subprocess.py:86} INFO - Output:
[2025-10-26T19:00:08.916+0100] {subprocess.py:93} INFO - [0m18:00:08  Running with dbt=1.8.3
[2025-10-26T19:00:09.944+0100] {subprocess.py:93} INFO - [0m18:00:09  Checking /opt/***/dbt_project/dbt_packages/*
[2025-10-26T19:00:09.945+0100] {subprocess.py:93} INFO - [0m18:00:09  Cleaned /opt/***/dbt_project/dbt_packages/*
[2025-10-26T19:00:09.946+0100] {subprocess.py:93} INFO - [0m18:00:09  Checking /opt/***/dbt_project/target/*
[2025-10-26T19:00:09.967+0100] {subprocess.py:93} INFO - [0m18:00:09  Cleaned /opt/***/dbt_project/target/*
[2025-10-26T19:00:09.968+0100] {subprocess.py:93} INFO - [0m18:00:09  Finished cleaning all paths.
[2025-10-26T19:00:15.483+0100] {subprocess.py:93} INFO - [0m18:00:15  Running with dbt=1.8.3
[2025-10-26T19:00:15.919+0100] {subprocess.py:93} INFO - [0m18:00:15  Registered adapter: postgres=1.8.2
[2025-10-26T19:00:16.117+0100] {subprocess.py:93} INFO - [0m18:00:16  Unable to do partial parsing because saved manifest not found. Starting full parse.
[2025-10-26T19:00:18.371+0100] {subprocess.py:93} INFO - [0m18:00:18  [[33mWARNING[0m]: Deprecated functionality
[2025-10-26T19:00:18.372+0100] {subprocess.py:93} INFO - The `tests` config has been renamed to `data_tests`. Please see
[2025-10-26T19:00:18.372+0100] {subprocess.py:93} INFO - https://docs.getdbt.com/docs/build/data-tests#new-data_tests-syntax for more
[2025-10-26T19:00:18.372+0100] {subprocess.py:93} INFO - information.
[2025-10-26T19:00:19.004+0100] {subprocess.py:93} INFO - [0m18:00:19  [[33mWARNING[0m]: Configuration paths exist in your dbt_project.yml file which do not apply to any resources.
[2025-10-26T19:00:19.005+0100] {subprocess.py:93} INFO - There are 1 unused configuration paths:
[2025-10-26T19:00:19.006+0100] {subprocess.py:93} INFO - - models.intermediters
[2025-10-26T19:00:19.342+0100] {subprocess.py:93} INFO - [0m18:00:19  Found 3 models, 6 data tests, 3 sources, 428 macros
[2025-10-26T19:00:19.346+0100] {subprocess.py:93} INFO - [0m18:00:19
[2025-10-26T19:00:19.594+0100] {subprocess.py:93} INFO - [0m18:00:19  Concurrency: 4 threads (target='dev')
[2025-10-26T19:00:19.595+0100] {subprocess.py:93} INFO - [0m18:00:19
[2025-10-26T19:00:19.615+0100] {subprocess.py:93} INFO - [0m18:00:19  1 of 3 START sql incremental model analytics.int_performance_station_hour ...... [RUN]
[2025-10-26T19:00:19.616+0100] {subprocess.py:93} INFO - [0m18:00:19  2 of 3 START sql incremental model analytics.int_quality_station_hour .......... [RUN]
[2025-10-26T19:00:22.212+0100] {subprocess.py:93} INFO - [0m18:00:22  1 of 3 OK created sql incremental model analytics.int_performance_station_hour . [[32mSELECT 3083[0m in 2.59s]
[2025-10-26T19:00:31.120+0100] {subprocess.py:93} INFO - [0m18:00:31  2 of 3 OK created sql incremental model analytics.int_quality_station_hour ..... [[32mSELECT 3083[0m in 11.50s]
[2025-10-26T19:00:31.129+0100] {subprocess.py:93} INFO - [0m18:00:31  3 of 3 START sql incremental model analytics.int_quality_linewise_datehour ..... [RUN]
[2025-10-26T19:00:31.621+0100] {subprocess.py:93} INFO - [0m18:00:31  3 of 3 OK created sql incremental model analytics.int_quality_linewise_datehour  [[32mSELECT 395[0m in 0.49s]
[2025-10-26T19:00:31.642+0100] {subprocess.py:93} INFO - [0m18:00:31
[2025-10-26T19:00:31.643+0100] {subprocess.py:93} INFO - [0m18:00:31  Finished running 3 incremental models in 0 hours 0 minutes and 12.29 seconds (12.29s).
[2025-10-26T19:00:31.686+0100] {subprocess.py:93} INFO - [0m18:00:31
[2025-10-26T19:00:31.687+0100] {subprocess.py:93} INFO - [0m18:00:31  [32mCompleted successfully[0m
[2025-10-26T19:00:31.687+0100] {subprocess.py:93} INFO - [0m18:00:31
[2025-10-26T19:00:31.688+0100] {subprocess.py:93} INFO - [0m18:00:31  Done. PASS=3 WARN=0 ERROR=0 SKIP=0 TOTAL=3
[2025-10-26T19:00:32.609+0100] {subprocess.py:97} INFO - Command exited with return code 0
[2025-10-26T19:00:32.654+0100] {taskinstance.py:340} INFO - ::group::Post task execution logs
[2025-10-26T19:00:32.655+0100] {taskinstance.py:352} INFO - Marking task as SUCCESS. dag_id=dbt_hourly_refresh, task_id=run_dbt_models, run_id=scheduled__2025-10-26T17:00:00+00:00, execution_date=20251026T170000, start_date=20251026T180001, end_date=20251026T180032
[2025-10-26T19:00:32.724+0100] {local_task_job_runner.py:266} INFO - Task exited with return code 0
[2025-10-26T19:00:32.762+0100] {taskinstance.py:3900} INFO - 0 downstream tasks scheduled from follow-on schedule check
[2025-10-26T19:00:32.765+0100] {local_task_job_runner.py:245} INFO - ::endgroup::
