[2025-10-25T18:21:47.689+0200] {local_task_job_runner.py:123} INFO - ::group::Pre task execution logs
[2025-10-25T18:21:47.745+0200] {taskinstance.py:2612} INFO - Dependencies all met for dep_context=non-requeueable deps ti=<TaskInstance: dbt_hourly_refresh.run_dbt_models scheduled__2025-10-25T15:00:00+00:00 [queued]>
[2025-10-25T18:21:47.767+0200] {taskinstance.py:2612} INFO - Dependencies all met for dep_context=requeueable deps ti=<TaskInstance: dbt_hourly_refresh.run_dbt_models scheduled__2025-10-25T15:00:00+00:00 [queued]>
[2025-10-25T18:21:47.768+0200] {taskinstance.py:2865} INFO - Starting attempt 2 of 2
[2025-10-25T18:21:47.798+0200] {taskinstance.py:2888} INFO - Executing <Task(BashOperator): run_dbt_models> on 2025-10-25 15:00:00+00:00
[2025-10-25T18:21:47.815+0200] {standard_task_runner.py:104} INFO - Running: ['***', 'tasks', 'run', 'dbt_hourly_refresh', 'run_dbt_models', 'scheduled__2025-10-25T15:00:00+00:00', '--job-id', '52', '--raw', '--subdir', 'DAGS_FOLDER/dbt_hourly_refresh_dag.py', '--cfg-path', '/tmp/tmpic6sdqap']
[2025-10-25T18:21:47.820+0200] {standard_task_runner.py:105} INFO - Job 52: Subtask run_dbt_models
[2025-10-25T18:21:47.822+0200] {logging_mixin.py:190} WARNING - /home/***/.local/lib/python3.12/site-packages/***/task/task_runner/standard_task_runner.py:70 DeprecationWarning: This process (pid=2226) is multi-threaded, use of fork() may lead to deadlocks in the child.
[2025-10-25T18:21:47.823+0200] {standard_task_runner.py:72} INFO - Started process 2227 to run task
[2025-10-25T18:21:47.959+0200] {task_command.py:467} INFO - Running <TaskInstance: dbt_hourly_refresh.run_dbt_models scheduled__2025-10-25T15:00:00+00:00 [running]> on host 197aef1bec7d
[2025-10-25T18:21:48.116+0200] {taskinstance.py:3131} INFO - Exporting env vars: AIRFLOW_CTX_DAG_OWNER='Aliostadi' AIRFLOW_CTX_DAG_ID='dbt_hourly_refresh' AIRFLOW_CTX_TASK_ID='run_dbt_models' AIRFLOW_CTX_EXECUTION_DATE='2025-10-25T15:00:00+00:00' AIRFLOW_CTX_TRY_NUMBER='2' AIRFLOW_CTX_DAG_RUN_ID='scheduled__2025-10-25T15:00:00+00:00'
[2025-10-25T18:21:48.116+0200] {taskinstance.py:731} INFO - ::endgroup::
[2025-10-25T18:21:48.191+0200] {subprocess.py:63} INFO - Tmp dir root location: /tmp
[2025-10-25T18:21:48.196+0200] {subprocess.py:75} INFO - Running command: ['/usr/bin/bash', '-c', 'cd /opt/***/dbt_project && dbt clean && dbt run --full-refresh']
[2025-10-25T18:21:48.219+0200] {subprocess.py:86} INFO - Output:
[2025-10-25T18:21:55.057+0200] {subprocess.py:93} INFO - [0m16:21:55  Running with dbt=1.8.3
[2025-10-25T18:21:56.647+0200] {subprocess.py:93} INFO - [0m16:21:56  Checking /opt/***/dbt_project/dbt_packages/*
[2025-10-25T18:21:56.663+0200] {subprocess.py:93} INFO - [0m16:21:56  Cleaned /opt/***/dbt_project/dbt_packages/*
[2025-10-25T18:21:56.666+0200] {subprocess.py:93} INFO - [0m16:21:56  Checking /opt/***/dbt_project/target/*
[2025-10-25T18:21:56.674+0200] {subprocess.py:93} INFO - [0m16:21:56  Cleaned /opt/***/dbt_project/target/*
[2025-10-25T18:21:56.677+0200] {subprocess.py:93} INFO - [0m16:21:56  Finished cleaning all paths.
[2025-10-25T18:22:05.080+0200] {subprocess.py:93} INFO - [0m16:22:05  Running with dbt=1.8.3
[2025-10-25T18:22:06.089+0200] {subprocess.py:93} INFO - [0m16:22:06  Registered adapter: postgres=1.8.2
[2025-10-25T18:22:06.314+0200] {subprocess.py:93} INFO - [0m16:22:06  Unable to do partial parsing because saved manifest not found. Starting full parse.
[2025-10-25T18:22:07.959+0200] {subprocess.py:93} INFO - [0m16:22:07  [[33mWARNING[0m]: Deprecated functionality
[2025-10-25T18:22:07.959+0200] {subprocess.py:93} INFO - The `tests` config has been renamed to `data_tests`. Please see
[2025-10-25T18:22:07.960+0200] {subprocess.py:93} INFO - https://docs.getdbt.com/docs/build/data-tests#new-data_tests-syntax for more
[2025-10-25T18:22:07.960+0200] {subprocess.py:93} INFO - information.
[2025-10-25T18:22:08.645+0200] {subprocess.py:93} INFO - [0m16:22:08  [[33mWARNING[0m]: Configuration paths exist in your dbt_project.yml file which do not apply to any resources.
[2025-10-25T18:22:08.646+0200] {subprocess.py:93} INFO - There are 1 unused configuration paths:
[2025-10-25T18:22:08.647+0200] {subprocess.py:93} INFO - - models.intermediters
[2025-10-25T18:22:09.195+0200] {subprocess.py:93} INFO - [0m16:22:09  Found 3 models, 6 data tests, 3 sources, 428 macros
[2025-10-25T18:22:09.204+0200] {subprocess.py:93} INFO - [0m16:22:09
[2025-10-25T18:22:09.579+0200] {subprocess.py:93} INFO - [0m16:22:09  Concurrency: 4 threads (target='dev')
[2025-10-25T18:22:09.580+0200] {subprocess.py:93} INFO - [0m16:22:09
[2025-10-25T18:22:09.605+0200] {subprocess.py:93} INFO - [0m16:22:09  1 of 3 START sql incremental model analytics.int_performance_station_hour ...... [RUN]
[2025-10-25T18:22:09.607+0200] {subprocess.py:93} INFO - [0m16:22:09  2 of 3 START sql incremental model analytics.int_quality_station_hour .......... [RUN]
[2025-10-25T18:22:12.650+0200] {subprocess.py:93} INFO - [0m16:22:12  1 of 3 OK created sql incremental model analytics.int_performance_station_hour . [[32mSELECT 3083[0m in 3.01s]
[2025-10-25T18:22:29.653+0200] {subprocess.py:93} INFO - [0m16:22:29  2 of 3 OK created sql incremental model analytics.int_quality_station_hour ..... [[32mSELECT 3083[0m in 20.04s]
[2025-10-25T18:22:29.664+0200] {subprocess.py:93} INFO - [0m16:22:29  3 of 3 START sql incremental model analytics.int_quality_linewise_datehour ..... [RUN]
[2025-10-25T18:22:30.804+0200] {subprocess.py:93} INFO - [0m16:22:30  3 of 3 OK created sql incremental model analytics.int_quality_linewise_datehour  [[32mSELECT 395[0m in 1.13s]
[2025-10-25T18:22:31.008+0200] {subprocess.py:93} INFO - [0m16:22:31
[2025-10-25T18:22:31.010+0200] {subprocess.py:93} INFO - [0m16:22:31  Finished running 3 incremental models in 0 hours 0 minutes and 21.80 seconds (21.80s).
[2025-10-25T18:22:31.126+0200] {subprocess.py:93} INFO - [0m16:22:31
[2025-10-25T18:22:31.127+0200] {subprocess.py:93} INFO - [0m16:22:31  [32mCompleted successfully[0m
[2025-10-25T18:22:31.128+0200] {subprocess.py:93} INFO - [0m16:22:31
[2025-10-25T18:22:31.130+0200] {subprocess.py:93} INFO - [0m16:22:31  Done. PASS=3 WARN=0 ERROR=0 SKIP=0 TOTAL=3
[2025-10-25T18:22:33.026+0200] {subprocess.py:97} INFO - Command exited with return code 0
[2025-10-25T18:22:33.291+0200] {taskinstance.py:340} INFO - ::group::Post task execution logs
[2025-10-25T18:22:33.293+0200] {taskinstance.py:352} INFO - Marking task as SUCCESS. dag_id=dbt_hourly_refresh, task_id=run_dbt_models, run_id=scheduled__2025-10-25T15:00:00+00:00, execution_date=20251025T150000, start_date=20251025T162147, end_date=20251025T162233
[2025-10-25T18:22:33.344+0200] {local_task_job_runner.py:266} INFO - Task exited with return code 0
[2025-10-25T18:22:33.385+0200] {taskinstance.py:3900} INFO - 0 downstream tasks scheduled from follow-on schedule check
[2025-10-25T18:22:33.389+0200] {local_task_job_runner.py:245} INFO - ::endgroup::
