0 verbose cli /usr/local/bin/node /usr/local/bin/npm
1 info using npm@10.8.2
2 info using node@v20.19.4
3 silly config load:file:/usr/local/lib/node_modules/npm/npmrc
4 silly config load:file:/data/.npmrc
5 silly config load:file:/usr/src/node-red/.npmrc
6 silly config load:file:/usr/local/etc/npmrc
7 verbose title npm install node-red-contrib-postgresql@0.15.4
8 verbose argv "install" "--no-audit" "--no-update-notifier" "--no-fund" "--save" "--save-prefix" "~" "--omit" "dev" "--engine-strict" "node-red-contrib-postgresql@0.15.4"
9 verbose logfile logs-max:10 dir:/data/.npm/_logs/2025-10-16T18_30_41_179Z-
10 verbose logfile /data/.npm/_logs/2025-10-16T18_30_41_179Z-debug-0.log
11 silly packumentCache heap:2197815296 maxSize:549453824 maxEntrySize:274726912
12 silly logfile done cleaning log files
13 silly idealTree buildDeps
14 silly fetch manifest node-red-contrib-postgresql@0.15.4
15 silly packumentCache full:https://registry.npmjs.org/node-red-contrib-postgresql cache-miss
16 http fetch GET 200 https://registry.npmjs.org/node-red-contrib-postgresql 1043ms (cache miss)
17 silly packumentCache full:https://registry.npmjs.org/node-red-contrib-postgresql set size:undefined disposed:false
18 silly placeDep ROOT node-red-contrib-postgresql@0.15.4 OK for: node-red-project@0.0.1 want: 0.15.4
19 silly fetch manifest mustache@^4.2.0
20 silly packumentCache full:https://registry.npmjs.org/mustache cache-miss
21 silly fetch manifest pg@^8.16.3
22 silly packumentCache full:https://registry.npmjs.org/pg cache-miss
23 silly fetch manifest pg-cursor@^2.15.3
24 silly packumentCache full:https://registry.npmjs.org/pg-cursor cache-miss
25 http fetch GET 200 https://registry.npmjs.org/mustache 112ms (cache miss)
26 silly packumentCache full:https://registry.npmjs.org/mustache set size:undefined disposed:false
27 http fetch GET 200 https://registry.npmjs.org/pg-cursor 214ms (cache miss)
28 silly packumentCache full:https://registry.npmjs.org/pg-cursor set size:undefined disposed:false
29 http fetch GET 200 https://registry.npmjs.org/pg 225ms (cache miss)
30 silly packumentCache full:https://registry.npmjs.org/pg set size:undefined disposed:false
31 silly fetch manifest pg-native@>=3.0.1
32 silly packumentCache full:https://registry.npmjs.org/pg-native cache-miss
33 http fetch GET 200 https://registry.npmjs.org/pg-native 55ms (cache miss)
34 silly packumentCache full:https://registry.npmjs.org/pg-native set size:undefined disposed:false
35 silly placeDep ROOT mustache@4.2.0 OK for: node-red-contrib-postgresql@0.15.4 want: ^4.2.0
36 silly placeDep ROOT pg@8.16.3 OK for: node-red-contrib-postgresql@0.15.4 want: ^8.16.3
37 silly placeDep ROOT pg-cursor@2.15.3 OK for: node-red-contrib-postgresql@0.15.4 want: ^2.15.3
38 silly fetch manifest pg-connection-string@^2.9.1
39 silly packumentCache full:https://registry.npmjs.org/pg-connection-string cache-miss
40 silly fetch manifest pg-pool@^3.10.1
41 silly packumentCache full:https://registry.npmjs.org/pg-pool cache-miss
42 silly fetch manifest pg-protocol@^1.10.3
43 silly packumentCache full:https://registry.npmjs.org/pg-protocol cache-miss
44 silly fetch manifest pg-types@2.2.0
45 silly packumentCache full:https://registry.npmjs.org/pg-types cache-miss
46 silly fetch manifest pgpass@1.0.5
47 silly packumentCache full:https://registry.npmjs.org/pgpass cache-miss
48 silly fetch manifest pg-cloudflare@^1.2.7
49 silly packumentCache full:https://registry.npmjs.org/pg-cloudflare cache-miss
50 http fetch GET 200 https://registry.npmjs.org/pg-cloudflare 127ms (cache miss)
51 silly packumentCache full:https://registry.npmjs.org/pg-cloudflare set size:undefined disposed:false
52 http fetch GET 200 https://registry.npmjs.org/pg-protocol 135ms (cache miss)
53 silly packumentCache full:https://registry.npmjs.org/pg-protocol set size:undefined disposed:false
54 http fetch GET 200 https://registry.npmjs.org/pg-pool 138ms (cache miss)
55 silly packumentCache full:https://registry.npmjs.org/pg-pool set size:undefined disposed:false
56 http fetch GET 200 https://registry.npmjs.org/pgpass 200ms (cache miss)
57 silly packumentCache full:https://registry.npmjs.org/pgpass set size:undefined disposed:false
58 http fetch GET 200 https://registry.npmjs.org/pg-types 204ms (cache miss)
59 silly packumentCache full:https://registry.npmjs.org/pg-types set size:undefined disposed:false
60 http fetch GET 200 https://registry.npmjs.org/pg-connection-string 219ms (cache miss)
61 silly packumentCache full:https://registry.npmjs.org/pg-connection-string set size:undefined disposed:false
62 silly fetch manifest pg@>=8.0
63 silly packumentCache full:https://registry.npmjs.org/pg cache-miss
64 http fetch GET 200 https://registry.npmjs.org/pg 11ms (cache hit)
65 silly packumentCache full:https://registry.npmjs.org/pg set size:461675 disposed:false
66 silly placeDep ROOT pg-cloudflare@1.2.7 OK for: pg@8.16.3 want: ^1.2.7
67 silly placeDep ROOT pg-connection-string@2.9.1 OK for: pg@8.16.3 want: ^2.9.1
68 silly placeDep ROOT pg-pool@3.10.1 OK for: pg@8.16.3 want: ^3.10.1
69 silly placeDep ROOT pg-protocol@1.10.3 OK for: pg@8.16.3 want: ^1.10.3
70 silly placeDep ROOT pg-types@2.2.0 OK for: pg@8.16.3 want: 2.2.0
71 silly placeDep ROOT pgpass@1.0.5 OK for: pg@8.16.3 want: 1.0.5
72 silly fetch manifest pg-int8@1.0.1
73 silly packumentCache full:https://registry.npmjs.org/pg-int8 cache-miss
74 silly fetch manifest postgres-date@~1.0.4
75 silly packumentCache full:https://registry.npmjs.org/postgres-date cache-miss
76 silly fetch manifest postgres-array@~2.0.0
77 silly packumentCache full:https://registry.npmjs.org/postgres-array cache-miss
78 silly fetch manifest postgres-bytea@~1.0.0
79 silly packumentCache full:https://registry.npmjs.org/postgres-bytea cache-miss
80 silly fetch manifest postgres-interval@^1.1.0
81 silly packumentCache full:https://registry.npmjs.org/postgres-interval cache-miss
82 silly fetch manifest split2@^4.1.0
83 silly packumentCache full:https://registry.npmjs.org/split2 cache-miss
84 http fetch GET 200 https://registry.npmjs.org/postgres-array 120ms (cache miss)
85 silly packumentCache full:https://registry.npmjs.org/postgres-array set size:undefined disposed:false
86 http fetch GET 200 https://registry.npmjs.org/pg-int8 123ms (cache miss)
87 silly packumentCache full:https://registry.npmjs.org/pg-int8 set size:undefined disposed:false
88 http fetch GET 200 https://registry.npmjs.org/postgres-interval 122ms (cache miss)
89 silly packumentCache full:https://registry.npmjs.org/postgres-interval set size:undefined disposed:false
90 http fetch GET 200 https://registry.npmjs.org/postgres-bytea 125ms (cache miss)
91 silly packumentCache full:https://registry.npmjs.org/postgres-bytea set size:undefined disposed:false
92 http fetch GET 200 https://registry.npmjs.org/postgres-date 129ms (cache miss)
93 silly packumentCache full:https://registry.npmjs.org/postgres-date set size:undefined disposed:false
94 http fetch GET 200 https://registry.npmjs.org/split2 130ms (cache miss)
95 silly packumentCache full:https://registry.npmjs.org/split2 set size:undefined disposed:false
96 silly placeDep ROOT pg-int8@1.0.1 OK for: pg-types@2.2.0 want: 1.0.1
97 silly placeDep ROOT postgres-array@2.0.0 OK for: pg-types@2.2.0 want: ~2.0.0
98 silly placeDep ROOT postgres-bytea@1.0.0 OK for: pg-types@2.2.0 want: ~1.0.0
99 silly placeDep ROOT postgres-date@1.0.7 OK for: pg-types@2.2.0 want: ~1.0.4
100 silly placeDep ROOT postgres-interval@1.2.0 OK for: pg-types@2.2.0 want: ^1.1.0
101 silly placeDep ROOT split2@4.2.0 OK for: pgpass@1.0.5 want: ^4.1.0
102 silly reify moves {}
103 silly tarball no local data for postgres-date@https://registry.npmjs.org/postgres-date/-/postgres-date-1.0.7.tgz. Extracting by manifest.
104 silly tarball no local data for postgres-bytea@https://registry.npmjs.org/postgres-bytea/-/postgres-bytea-1.0.0.tgz. Extracting by manifest.
105 silly tarball no local data for postgres-interval@https://registry.npmjs.org/postgres-interval/-/postgres-interval-1.2.0.tgz. Extracting by manifest.
106 silly tarball no local data for split2@https://registry.npmjs.org/split2/-/split2-4.2.0.tgz. Extracting by manifest.
107 silly tarball no local data for pg-types@https://registry.npmjs.org/pg-types/-/pg-types-2.2.0.tgz. Extracting by manifest.
108 silly tarball no local data for pg-int8@https://registry.npmjs.org/pg-int8/-/pg-int8-1.0.1.tgz. Extracting by manifest.
109 silly tarball no local data for pg-protocol@https://registry.npmjs.org/pg-protocol/-/pg-protocol-1.10.3.tgz. Extracting by manifest.
110 silly tarball no local data for pg-pool@https://registry.npmjs.org/pg-pool/-/pg-pool-3.10.1.tgz. Extracting by manifest.
111 silly tarball no local data for postgres-array@https://registry.npmjs.org/postgres-array/-/postgres-array-2.0.0.tgz. Extracting by manifest.
112 silly tarball no local data for pg-cloudflare@https://registry.npmjs.org/pg-cloudflare/-/pg-cloudflare-1.2.7.tgz. Extracting by manifest.
113 silly tarball no local data for pg@https://registry.npmjs.org/pg/-/pg-8.16.3.tgz. Extracting by manifest.
114 silly tarball no local data for pg-cursor@https://registry.npmjs.org/pg-cursor/-/pg-cursor-2.15.3.tgz. Extracting by manifest.
115 silly tarball no local data for pg-connection-string@https://registry.npmjs.org/pg-connection-string/-/pg-connection-string-2.9.1.tgz. Extracting by manifest.
116 silly tarball no local data for pgpass@https://registry.npmjs.org/pgpass/-/pgpass-1.0.5.tgz. Extracting by manifest.
117 silly tarball no local data for mustache@https://registry.npmjs.org/mustache/-/mustache-4.2.0.tgz. Extracting by manifest.
118 silly tarball no local data for node-red-contrib-postgresql@https://registry.npmjs.org/node-red-contrib-postgresql/-/node-red-contrib-postgresql-0.15.4.tgz. Extracting by manifest.
119 http fetch GET 200 https://registry.npmjs.org/postgres-interval/-/postgres-interval-1.2.0.tgz 324ms (cache miss)
120 http fetch GET 200 https://registry.npmjs.org/postgres-bytea/-/postgres-bytea-1.0.0.tgz 332ms (cache miss)
121 http fetch GET 200 https://registry.npmjs.org/postgres-date/-/postgres-date-1.0.7.tgz 349ms (cache miss)
122 http fetch GET 200 https://registry.npmjs.org/pg-int8/-/pg-int8-1.0.1.tgz 346ms (cache miss)
123 http fetch GET 200 https://registry.npmjs.org/split2/-/split2-4.2.0.tgz 355ms (cache miss)
124 http fetch GET 200 https://registry.npmjs.org/postgres-array/-/postgres-array-2.0.0.tgz 373ms (cache miss)
125 http fetch GET 200 https://registry.npmjs.org/pg-cursor/-/pg-cursor-2.15.3.tgz 377ms (cache miss)
126 http fetch GET 200 https://registry.npmjs.org/pgpass/-/pgpass-1.0.5.tgz 380ms (cache miss)
127 http fetch GET 200 https://registry.npmjs.org/pg-connection-string/-/pg-connection-string-2.9.1.tgz 387ms (cache miss)
128 http fetch GET 200 https://registry.npmjs.org/pg-types/-/pg-types-2.2.0.tgz 397ms (cache miss)
129 http fetch GET 200 https://registry.npmjs.org/pg-pool/-/pg-pool-3.10.1.tgz 400ms (cache miss)
130 http fetch GET 200 https://registry.npmjs.org/pg-cloudflare/-/pg-cloudflare-1.2.7.tgz 408ms (cache miss)
131 http fetch GET 200 https://registry.npmjs.org/node-red-contrib-postgresql/-/node-red-contrib-postgresql-0.15.4.tgz 441ms (cache miss)
132 http fetch GET 200 https://registry.npmjs.org/pg/-/pg-8.16.3.tgz 494ms (cache miss)
133 http fetch GET 200 https://registry.npmjs.org/mustache/-/mustache-4.2.0.tgz 498ms (cache miss)
134 http fetch GET 200 https://registry.npmjs.org/pg-protocol/-/pg-protocol-1.10.3.tgz 512ms (cache miss)
135 silly ADD node_modules/split2
136 silly ADD node_modules/postgres-interval
137 silly ADD node_modules/postgres-date
138 silly ADD node_modules/postgres-bytea
139 silly ADD node_modules/postgres-array
140 silly ADD node_modules/pg-int8
141 silly ADD node_modules/pgpass
142 silly ADD node_modules/pg-types
143 silly ADD node_modules/pg-protocol
144 silly ADD node_modules/pg-pool
145 silly ADD node_modules/pg-connection-string
146 silly ADD node_modules/pg-cloudflare
147 silly ADD node_modules/pg-cursor
148 silly ADD node_modules/pg
149 silly ADD node_modules/mustache
150 silly ADD node_modules/node-red-contrib-postgresql
151 verbose cwd /data
152 verbose os Linux 6.6.87.2-microsoft-standard-WSL2
153 verbose node v20.19.4
154 verbose npm  v10.8.2
155 verbose exit 0
156 info ok
