[2025-10-26T20:00:01.857+0100] {local_task_job_runner.py:123} INFO - ::group::Pre task execution logs
[2025-10-26T20:00:01.888+0100] {taskinstance.py:2612} INFO - Dependencies all met for dep_context=non-requeueable deps ti=<TaskInstance: dbt_hourly_refresh.run_dbt_models scheduled__2025-10-26T18:00:00+00:00 [queued]>
[2025-10-26T20:00:01.902+0100] {taskinstance.py:2612} INFO - Dependencies all met for dep_context=requeueable deps ti=<TaskInstance: dbt_hourly_refresh.run_dbt_models scheduled__2025-10-26T18:00:00+00:00 [queued]>
[2025-10-26T20:00:01.902+0100] {taskinstance.py:2865} INFO - Starting attempt 1 of 2
[2025-10-26T20:00:01.924+0100] {taskinstance.py:2888} INFO - Executing <Task(BashOperator): run_dbt_models> on 2025-10-26 18:00:00+00:00
[2025-10-26T20:00:01.938+0100] {standard_task_runner.py:104} INFO - Running: ['***', 'tasks', 'run', 'dbt_hourly_refresh', 'run_dbt_models', 'scheduled__2025-10-26T18:00:00+00:00', '--job-id', '65', '--raw', '--subdir', 'DAGS_FOLDER/dbt_hourly_refresh_dag.py', '--cfg-path', '/tmp/tmpxz2pa53o']
[2025-10-26T20:00:01.944+0100] {standard_task_runner.py:105} INFO - Job 65: Subtask run_dbt_models
[2025-10-26T20:00:01.945+0100] {logging_mixin.py:190} WARNING - /home/***/.local/lib/python3.12/site-packages/***/task/task_runner/standard_task_runner.py:70 DeprecationWarning: This process (pid=2553) is multi-threaded, use of fork() may lead to deadlocks in the child.
[2025-10-26T20:00:01.946+0100] {standard_task_runner.py:72} INFO - Started process 2554 to run task
[2025-10-26T20:00:02.104+0100] {task_command.py:467} INFO - Running <TaskInstance: dbt_hourly_refresh.run_dbt_models scheduled__2025-10-26T18:00:00+00:00 [running]> on host f229876aebe2
[2025-10-26T20:00:02.303+0100] {taskinstance.py:3131} INFO - Exporting env vars: AIRFLOW_CTX_DAG_OWNER='Aliostadi' AIRFLOW_CTX_DAG_ID='dbt_hourly_refresh' AIRFLOW_CTX_TASK_ID='run_dbt_models' AIRFLOW_CTX_EXECUTION_DATE='2025-10-26T18:00:00+00:00' AIRFLOW_CTX_TRY_NUMBER='1' AIRFLOW_CTX_DAG_RUN_ID='scheduled__2025-10-26T18:00:00+00:00'
[2025-10-26T20:00:02.304+0100] {taskinstance.py:731} INFO - ::endgroup::
[2025-10-26T20:00:02.404+0100] {subprocess.py:63} INFO - Tmp dir root location: /tmp
[2025-10-26T20:00:02.405+0100] {subprocess.py:75} INFO - Running command: ['/usr/bin/bash', '-c', 'cd /opt/***/dbt_project && dbt clean && dbt run --full-refresh']
[2025-10-26T20:00:02.424+0100] {subprocess.py:86} INFO - Output:
[2025-10-26T20:00:08.442+0100] {subprocess.py:93} INFO - [0m19:00:08  Running with dbt=1.8.3
[2025-10-26T20:00:08.978+0100] {subprocess.py:93} INFO - [0m19:00:08  Checking /opt/***/dbt_project/dbt_packages/*
[2025-10-26T20:00:08.979+0100] {subprocess.py:93} INFO - [0m19:00:08  Cleaned /opt/***/dbt_project/dbt_packages/*
[2025-10-26T20:00:08.980+0100] {subprocess.py:93} INFO - [0m19:00:08  Checking /opt/***/dbt_project/target/*
[2025-10-26T20:00:08.993+0100] {subprocess.py:93} INFO - [0m19:00:08  Cleaned /opt/***/dbt_project/target/*
[2025-10-26T20:00:08.994+0100] {subprocess.py:93} INFO - [0m19:00:08  Finished cleaning all paths.
[2025-10-26T20:00:16.251+0100] {subprocess.py:93} INFO - [0m19:00:16  Running with dbt=1.8.3
[2025-10-26T20:00:16.786+0100] {subprocess.py:93} INFO - [0m19:00:16  Registered adapter: postgres=1.8.2
[2025-10-26T20:00:17.002+0100] {subprocess.py:93} INFO - [0m19:00:17  Unable to do partial parsing because saved manifest not found. Starting full parse.
[2025-10-26T20:00:18.873+0100] {subprocess.py:93} INFO - [0m19:00:18  [[33mWARNING[0m]: Deprecated functionality
[2025-10-26T20:00:18.874+0100] {subprocess.py:93} INFO - The `tests` config has been renamed to `data_tests`. Please see
[2025-10-26T20:00:18.874+0100] {subprocess.py:93} INFO - https://docs.getdbt.com/docs/build/data-tests#new-data_tests-syntax for more
[2025-10-26T20:00:18.874+0100] {subprocess.py:93} INFO - information.
[2025-10-26T20:00:19.396+0100] {subprocess.py:93} INFO - [0m19:00:19  [[33mWARNING[0m]: Configuration paths exist in your dbt_project.yml file which do not apply to any resources.
[2025-10-26T20:00:19.397+0100] {subprocess.py:93} INFO - There are 1 unused configuration paths:
[2025-10-26T20:00:19.397+0100] {subprocess.py:93} INFO - - models.intermediters
[2025-10-26T20:00:19.688+0100] {subprocess.py:93} INFO - [0m19:00:19  Found 3 models, 6 data tests, 3 sources, 428 macros
[2025-10-26T20:00:19.691+0100] {subprocess.py:93} INFO - [0m19:00:19
[2025-10-26T20:00:19.894+0100] {subprocess.py:93} INFO - [0m19:00:19  Concurrency: 4 threads (target='dev')
[2025-10-26T20:00:19.895+0100] {subprocess.py:93} INFO - [0m19:00:19
[2025-10-26T20:00:19.917+0100] {subprocess.py:93} INFO - [0m19:00:19  1 of 3 START sql incremental model analytics.int_performance_station_hour ...... [RUN]
[2025-10-26T20:00:19.926+0100] {subprocess.py:93} INFO - [0m19:00:19  2 of 3 START sql incremental model analytics.int_quality_station_hour .......... [RUN]
[2025-10-26T20:00:21.951+0100] {subprocess.py:93} INFO - [0m19:00:21  1 of 3 OK created sql incremental model analytics.int_performance_station_hour . [[32mSELECT 3083[0m in 2.03s]
[2025-10-26T20:00:31.852+0100] {subprocess.py:93} INFO - [0m19:00:31  2 of 3 OK created sql incremental model analytics.int_quality_station_hour ..... [[32mSELECT 3083[0m in 11.92s]
[2025-10-26T20:00:31.856+0100] {subprocess.py:93} INFO - [0m19:00:31  3 of 3 START sql incremental model analytics.int_quality_linewise_datehour ..... [RUN]
[2025-10-26T20:00:32.455+0100] {subprocess.py:93} INFO - [0m19:00:32  3 of 3 OK created sql incremental model analytics.int_quality_linewise_datehour  [[32mSELECT 395[0m in 0.60s]
[2025-10-26T20:00:32.479+0100] {subprocess.py:93} INFO - [0m19:00:32
[2025-10-26T20:00:32.479+0100] {subprocess.py:93} INFO - [0m19:00:32  Finished running 3 incremental models in 0 hours 0 minutes and 12.79 seconds (12.79s).
[2025-10-26T20:00:32.533+0100] {subprocess.py:93} INFO - [0m19:00:32
[2025-10-26T20:00:32.534+0100] {subprocess.py:93} INFO - [0m19:00:32  [32mCompleted successfully[0m
[2025-10-26T20:00:32.535+0100] {subprocess.py:93} INFO - [0m19:00:32
[2025-10-26T20:00:32.535+0100] {subprocess.py:93} INFO - [0m19:00:32  Done. PASS=3 WARN=0 ERROR=0 SKIP=0 TOTAL=3
[2025-10-26T20:00:33.923+0100] {subprocess.py:97} INFO - Command exited with return code 0
[2025-10-26T20:00:34.009+0100] {taskinstance.py:340} INFO - ::group::Post task execution logs
[2025-10-26T20:00:34.010+0100] {taskinstance.py:352} INFO - Marking task as SUCCESS. dag_id=dbt_hourly_refresh, task_id=run_dbt_models, run_id=scheduled__2025-10-26T18:00:00+00:00, execution_date=20251026T180000, start_date=20251026T190001, end_date=20251026T190034
[2025-10-26T20:00:34.063+0100] {local_task_job_runner.py:266} INFO - Task exited with return code 0
[2025-10-26T20:00:34.115+0100] {taskinstance.py:3900} INFO - 0 downstream tasks scheduled from follow-on schedule check
[2025-10-26T20:00:34.119+0100] {local_task_job_runner.py:245} INFO - ::endgroup::
