[2025-10-29T01:00:03.918+0100] {local_task_job_runner.py:123} INFO - ::group::Pre task execution logs
[2025-10-29T01:00:04.036+0100] {taskinstance.py:2612} INFO - Dependencies all met for dep_context=non-requeueable deps ti=<TaskInstance: dbt_hourly_refresh.run_dbt_models scheduled__2025-10-28T23:00:00+00:00 [queued]>
[2025-10-29T01:00:04.071+0100] {taskinstance.py:2612} INFO - Dependencies all met for dep_context=requeueable deps ti=<TaskInstance: dbt_hourly_refresh.run_dbt_models scheduled__2025-10-28T23:00:00+00:00 [queued]>
[2025-10-29T01:00:04.072+0100] {taskinstance.py:2865} INFO - Starting attempt 1 of 2
[2025-10-29T01:00:04.125+0100] {taskinstance.py:2888} INFO - Executing <Task(BashOperator): run_dbt_models> on 2025-10-28 23:00:00+00:00
[2025-10-29T01:00:04.156+0100] {standard_task_runner.py:104} INFO - Running: ['***', 'tasks', 'run', 'dbt_hourly_refresh', 'run_dbt_models', 'scheduled__2025-10-28T23:00:00+00:00', '--job-id', '78', '--raw', '--subdir', 'DAGS_FOLDER/dbt_hourly_refresh_dag.py', '--cfg-path', '/tmp/tmp7kga76pu']
[2025-10-29T01:00:04.170+0100] {standard_task_runner.py:105} INFO - Job 78: Subtask run_dbt_models
[2025-10-29T01:00:04.176+0100] {logging_mixin.py:190} WARNING - /home/***/.local/lib/python3.12/site-packages/***/task/task_runner/standard_task_runner.py:70 DeprecationWarning: This process (pid=1945) is multi-threaded, use of fork() may lead to deadlocks in the child.
[2025-10-29T01:00:04.178+0100] {standard_task_runner.py:72} INFO - Started process 1946 to run task
[2025-10-29T01:00:04.422+0100] {task_command.py:467} INFO - Running <TaskInstance: dbt_hourly_refresh.run_dbt_models scheduled__2025-10-28T23:00:00+00:00 [running]> on host ec63a10557d7
[2025-10-29T01:00:05.011+0100] {taskinstance.py:3131} INFO - Exporting env vars: AIRFLOW_CTX_DAG_OWNER='Aliostadi' AIRFLOW_CTX_DAG_ID='dbt_hourly_refresh' AIRFLOW_CTX_TASK_ID='run_dbt_models' AIRFLOW_CTX_EXECUTION_DATE='2025-10-28T23:00:00+00:00' AIRFLOW_CTX_TRY_NUMBER='1' AIRFLOW_CTX_DAG_RUN_ID='scheduled__2025-10-28T23:00:00+00:00'
[2025-10-29T01:00:05.014+0100] {taskinstance.py:731} INFO - ::endgroup::
[2025-10-29T01:00:05.098+0100] {subprocess.py:63} INFO - Tmp dir root location: /tmp
[2025-10-29T01:00:05.101+0100] {subprocess.py:75} INFO - Running command: ['/usr/bin/bash', '-c', 'cd /opt/***/dbt_project && dbt clean && dbt run --full-refresh']
[2025-10-29T01:00:05.131+0100] {subprocess.py:86} INFO - Output:
[2025-10-29T01:00:11.056+0100] {subprocess.py:93} INFO - [0m00:00:11  Running with dbt=1.8.3
[2025-10-29T01:00:11.311+0100] {subprocess.py:93} INFO - [0m00:00:11  Checking /opt/***/dbt_project/target/*
[2025-10-29T01:00:11.317+0100] {subprocess.py:93} INFO - [0m00:00:11  Cleaned /opt/***/dbt_project/target/*
[2025-10-29T01:00:11.318+0100] {subprocess.py:93} INFO - [0m00:00:11  Checking /opt/***/dbt_project/dbt_packages/*
[2025-10-29T01:00:11.319+0100] {subprocess.py:93} INFO - [0m00:00:11  Cleaned /opt/***/dbt_project/dbt_packages/*
[2025-10-29T01:00:11.321+0100] {subprocess.py:93} INFO - [0m00:00:11  Finished cleaning all paths.
[2025-10-29T01:00:16.731+0100] {subprocess.py:93} INFO - [0m00:00:16  Running with dbt=1.8.3
[2025-10-29T01:00:17.477+0100] {subprocess.py:93} INFO - [0m00:00:17  Registered adapter: postgres=1.8.2
[2025-10-29T01:00:17.966+0100] {subprocess.py:93} INFO - [0m00:00:17  Unable to do partial parsing because saved manifest not found. Starting full parse.
[2025-10-29T01:00:21.461+0100] {subprocess.py:93} INFO - [0m00:00:21  [[33mWARNING[0m]: Deprecated functionality
[2025-10-29T01:00:21.461+0100] {subprocess.py:93} INFO - The `tests` config has been renamed to `data_tests`. Please see
[2025-10-29T01:00:21.462+0100] {subprocess.py:93} INFO - https://docs.getdbt.com/docs/build/data-tests#new-data_tests-syntax for more
[2025-10-29T01:00:21.462+0100] {subprocess.py:93} INFO - information.
[2025-10-29T01:00:22.266+0100] {subprocess.py:93} INFO - [0m00:00:22  [[33mWARNING[0m]: Configuration paths exist in your dbt_project.yml file which do not apply to any resources.
[2025-10-29T01:00:22.266+0100] {subprocess.py:93} INFO - There are 1 unused configuration paths:
[2025-10-29T01:00:22.266+0100] {subprocess.py:93} INFO - - models.intermediters
[2025-10-29T01:00:22.624+0100] {subprocess.py:93} INFO - [0m00:00:22  Found 4 models, 8 data tests, 3 sources, 428 macros
[2025-10-29T01:00:22.628+0100] {subprocess.py:93} INFO - [0m00:00:22
[2025-10-29T01:00:22.820+0100] {subprocess.py:93} INFO - [0m00:00:22  Concurrency: 4 threads (target='dev')
[2025-10-29T01:00:22.821+0100] {subprocess.py:93} INFO - [0m00:00:22
[2025-10-29T01:00:22.847+0100] {subprocess.py:93} INFO - [0m00:00:22  1 of 4 START sql incremental model analytics.int_availability_station_hour ..... [RUN]
[2025-10-29T01:00:22.848+0100] {subprocess.py:93} INFO - [0m00:00:22  2 of 4 START sql incremental model analytics.int_performance_station_hour ...... [RUN]
[2025-10-29T01:00:22.853+0100] {subprocess.py:93} INFO - [0m00:00:22  3 of 4 START sql incremental model analytics.int_quality_station_hour .......... [RUN]
[2025-10-29T01:00:25.754+0100] {subprocess.py:93} INFO - [0m00:00:25  2 of 4 OK created sql incremental model analytics.int_performance_station_hour . [[32mSELECT 3091[0m in 2.90s]
[2025-10-29T01:00:27.645+0100] {subprocess.py:93} INFO - [0m00:00:27  1 of 4 OK created sql incremental model analytics.int_availability_station_hour  [[32mSELECT 718[0m in 4.79s]
[2025-10-29T01:00:39.605+0100] {subprocess.py:93} INFO - [0m00:00:39  3 of 4 OK created sql incremental model analytics.int_quality_station_hour ..... [[32mSELECT 3091[0m in 16.74s]
[2025-10-29T01:00:39.609+0100] {subprocess.py:93} INFO - [0m00:00:39  4 of 4 START sql incremental model analytics.int_quality_linewise_datehour ..... [RUN]
[2025-10-29T01:00:40.074+0100] {subprocess.py:93} INFO - [0m00:00:40  4 of 4 OK created sql incremental model analytics.int_quality_linewise_datehour  [[32mSELECT 396[0m in 0.46s]
[2025-10-29T01:00:40.097+0100] {subprocess.py:93} INFO - [0m00:00:40
[2025-10-29T01:00:40.097+0100] {subprocess.py:93} INFO - [0m00:00:40  Finished running 4 incremental models in 0 hours 0 minutes and 17.47 seconds (17.47s).
[2025-10-29T01:00:40.150+0100] {subprocess.py:93} INFO - [0m00:00:40
[2025-10-29T01:00:40.151+0100] {subprocess.py:93} INFO - [0m00:00:40  [32mCompleted successfully[0m
[2025-10-29T01:00:40.151+0100] {subprocess.py:93} INFO - [0m00:00:40
[2025-10-29T01:00:40.152+0100] {subprocess.py:93} INFO - [0m00:00:40  Done. PASS=4 WARN=0 ERROR=0 SKIP=0 TOTAL=4
[2025-10-29T01:00:41.063+0100] {subprocess.py:97} INFO - Command exited with return code 0
[2025-10-29T01:00:41.112+0100] {taskinstance.py:340} INFO - ::group::Post task execution logs
[2025-10-29T01:00:41.112+0100] {taskinstance.py:352} INFO - Marking task as SUCCESS. dag_id=dbt_hourly_refresh, task_id=run_dbt_models, run_id=scheduled__2025-10-28T23:00:00+00:00, execution_date=20251028T230000, start_date=20251029T000004, end_date=20251029T000041
[2025-10-29T01:00:41.158+0100] {local_task_job_runner.py:266} INFO - Task exited with return code 0
[2025-10-29T01:00:41.194+0100] {taskinstance.py:3900} INFO - 0 downstream tasks scheduled from follow-on schedule check
[2025-10-29T01:00:41.197+0100] {local_task_job_runner.py:245} INFO - ::endgroup::
