[2025-10-28T22:18:55.288+0100] {local_task_job_runner.py:123} INFO - ::group::Pre task execution logs
[2025-10-28T22:18:55.325+0100] {taskinstance.py:2612} INFO - Dependencies all met for dep_context=non-requeueable deps ti=<TaskInstance: dbt_hourly_refresh.run_dbt_models scheduled__2025-10-27T23:00:00+00:00 [queued]>
[2025-10-28T22:18:55.339+0100] {taskinstance.py:2612} INFO - Dependencies all met for dep_context=requeueable deps ti=<TaskInstance: dbt_hourly_refresh.run_dbt_models scheduled__2025-10-27T23:00:00+00:00 [queued]>
[2025-10-28T22:18:55.339+0100] {taskinstance.py:2865} INFO - Starting attempt 1 of 2
[2025-10-28T22:18:55.364+0100] {taskinstance.py:2888} INFO - Executing <Task(BashOperator): run_dbt_models> on 2025-10-27 23:00:00+00:00
[2025-10-28T22:18:55.382+0100] {standard_task_runner.py:104} INFO - Running: ['***', 'tasks', 'run', 'dbt_hourly_refresh', 'run_dbt_models', 'scheduled__2025-10-27T23:00:00+00:00', '--job-id', '74', '--raw', '--subdir', 'DAGS_FOLDER/dbt_hourly_refresh_dag.py', '--cfg-path', '/tmp/tmp0spj3y1o']
[2025-10-28T22:18:55.389+0100] {standard_task_runner.py:105} INFO - Job 74: Subtask run_dbt_models
[2025-10-28T22:18:55.391+0100] {logging_mixin.py:190} WARNING - /home/***/.local/lib/python3.12/site-packages/***/task/task_runner/standard_task_runner.py:70 DeprecationWarning: This process (pid=259) is multi-threaded, use of fork() may lead to deadlocks in the child.
[2025-10-28T22:18:55.392+0100] {standard_task_runner.py:72} INFO - Started process 261 to run task
[2025-10-28T22:18:55.494+0100] {task_command.py:467} INFO - Running <TaskInstance: dbt_hourly_refresh.run_dbt_models scheduled__2025-10-27T23:00:00+00:00 [running]> on host ec63a10557d7
[2025-10-28T22:18:55.667+0100] {taskinstance.py:3131} INFO - Exporting env vars: AIRFLOW_CTX_DAG_OWNER='Aliostadi' AIRFLOW_CTX_DAG_ID='dbt_hourly_refresh' AIRFLOW_CTX_TASK_ID='run_dbt_models' AIRFLOW_CTX_EXECUTION_DATE='2025-10-27T23:00:00+00:00' AIRFLOW_CTX_TRY_NUMBER='1' AIRFLOW_CTX_DAG_RUN_ID='scheduled__2025-10-27T23:00:00+00:00'
[2025-10-28T22:18:55.669+0100] {taskinstance.py:731} INFO - ::endgroup::
[2025-10-28T22:18:55.774+0100] {subprocess.py:63} INFO - Tmp dir root location: /tmp
[2025-10-28T22:18:55.778+0100] {subprocess.py:75} INFO - Running command: ['/usr/bin/bash', '-c', 'cd /opt/***/dbt_project && dbt clean && dbt run --full-refresh']
[2025-10-28T22:18:55.798+0100] {subprocess.py:86} INFO - Output:
[2025-10-28T22:19:02.004+0100] {subprocess.py:93} INFO - [0m21:19:02  Running with dbt=1.8.3
[2025-10-28T22:19:02.604+0100] {subprocess.py:93} INFO - [0m21:19:02  Checking /opt/***/dbt_project/dbt_packages/*
[2025-10-28T22:19:02.605+0100] {subprocess.py:93} INFO - [0m21:19:02  Cleaned /opt/***/dbt_project/dbt_packages/*
[2025-10-28T22:19:02.606+0100] {subprocess.py:93} INFO - [0m21:19:02  Checking /opt/***/dbt_project/target/*
[2025-10-28T22:19:02.620+0100] {subprocess.py:93} INFO - [0m21:19:02  Cleaned /opt/***/dbt_project/target/*
[2025-10-28T22:19:02.621+0100] {subprocess.py:93} INFO - [0m21:19:02  Finished cleaning all paths.
[2025-10-28T22:19:08.633+0100] {subprocess.py:93} INFO - [0m21:19:08  Running with dbt=1.8.3
[2025-10-28T22:19:09.112+0100] {subprocess.py:93} INFO - [0m21:19:09  Registered adapter: postgres=1.8.2
[2025-10-28T22:19:09.386+0100] {subprocess.py:93} INFO - [0m21:19:09  Unable to do partial parsing because saved manifest not found. Starting full parse.
[2025-10-28T22:19:11.762+0100] {subprocess.py:93} INFO - [0m21:19:11  [[33mWARNING[0m]: Deprecated functionality
[2025-10-28T22:19:11.763+0100] {subprocess.py:93} INFO - The `tests` config has been renamed to `data_tests`. Please see
[2025-10-28T22:19:11.763+0100] {subprocess.py:93} INFO - https://docs.getdbt.com/docs/build/data-tests#new-data_tests-syntax for more
[2025-10-28T22:19:11.763+0100] {subprocess.py:93} INFO - information.
[2025-10-28T22:19:12.680+0100] {subprocess.py:93} INFO - [0m21:19:12  [[33mWARNING[0m]: Configuration paths exist in your dbt_project.yml file which do not apply to any resources.
[2025-10-28T22:19:12.683+0100] {subprocess.py:93} INFO - There are 1 unused configuration paths:
[2025-10-28T22:19:12.684+0100] {subprocess.py:93} INFO - - models.intermediters
[2025-10-28T22:19:13.263+0100] {subprocess.py:93} INFO - [0m21:19:13  Found 4 models, 8 data tests, 3 sources, 428 macros
[2025-10-28T22:19:13.273+0100] {subprocess.py:93} INFO - [0m21:19:13
[2025-10-28T22:19:13.576+0100] {subprocess.py:93} INFO - [0m21:19:13  Concurrency: 4 threads (target='dev')
[2025-10-28T22:19:13.577+0100] {subprocess.py:93} INFO - [0m21:19:13
[2025-10-28T22:19:13.611+0100] {subprocess.py:93} INFO - [0m21:19:13  1 of 4 START sql incremental model analytics.int_availability_station_hour ..... [RUN]
[2025-10-28T22:19:13.623+0100] {subprocess.py:93} INFO - [0m21:19:13  2 of 4 START sql incremental model analytics.int_performance_station_hour ...... [RUN]
[2025-10-28T22:19:13.629+0100] {subprocess.py:93} INFO - [0m21:19:13  3 of 4 START sql incremental model analytics.int_quality_station_hour .......... [RUN]
[2025-10-28T22:19:20.131+0100] {subprocess.py:93} INFO - [0m21:19:20  2 of 4 OK created sql incremental model analytics.int_performance_station_hour . [[32mSELECT 3091[0m in 6.50s]
[2025-10-28T22:19:22.163+0100] {subprocess.py:93} INFO - [0m21:19:22  1 of 4 OK created sql incremental model analytics.int_availability_station_hour  [[32mSELECT 718[0m in 8.55s]
[2025-10-28T22:19:43.679+0100] {subprocess.py:93} INFO - [0m21:19:43  3 of 4 OK created sql incremental model analytics.int_quality_station_hour ..... [[32mSELECT 3091[0m in 30.05s]
[2025-10-28T22:19:43.682+0100] {subprocess.py:93} INFO - [0m21:19:43  4 of 4 START sql incremental model analytics.int_quality_linewise_datehour ..... [RUN]
[2025-10-28T22:19:44.210+0100] {subprocess.py:93} INFO - [0m21:19:44  4 of 4 OK created sql incremental model analytics.int_quality_linewise_datehour  [[32mSELECT 396[0m in 0.52s]
[2025-10-28T22:19:44.244+0100] {subprocess.py:93} INFO - [0m21:19:44
[2025-10-28T22:19:44.245+0100] {subprocess.py:93} INFO - [0m21:19:44  Finished running 4 incremental models in 0 hours 0 minutes and 30.97 seconds (30.97s).
[2025-10-28T22:19:44.309+0100] {subprocess.py:93} INFO - [0m21:19:44
[2025-10-28T22:19:44.310+0100] {subprocess.py:93} INFO - [0m21:19:44  [32mCompleted successfully[0m
[2025-10-28T22:19:44.311+0100] {subprocess.py:93} INFO - [0m21:19:44
[2025-10-28T22:19:44.311+0100] {subprocess.py:93} INFO - [0m21:19:44  Done. PASS=4 WARN=0 ERROR=0 SKIP=0 TOTAL=4
[2025-10-28T22:19:45.365+0100] {subprocess.py:97} INFO - Command exited with return code 0
[2025-10-28T22:19:45.431+0100] {taskinstance.py:340} INFO - ::group::Post task execution logs
[2025-10-28T22:19:45.432+0100] {taskinstance.py:352} INFO - Marking task as SUCCESS. dag_id=dbt_hourly_refresh, task_id=run_dbt_models, run_id=scheduled__2025-10-27T23:00:00+00:00, execution_date=20251027T230000, start_date=20251028T211855, end_date=20251028T211945
[2025-10-28T22:19:45.504+0100] {local_task_job_runner.py:266} INFO - Task exited with return code 0
[2025-10-28T22:19:45.537+0100] {taskinstance.py:3900} INFO - 0 downstream tasks scheduled from follow-on schedule check
[2025-10-28T22:19:45.541+0100] {local_task_job_runner.py:245} INFO - ::endgroup::
