[2025-10-28T22:18:55.348+0100] {local_task_job_runner.py:123} INFO - ::group::Pre task execution logs
[2025-10-28T22:18:55.387+0100] {taskinstance.py:2612} INFO - Dependencies all met for dep_context=non-requeueable deps ti=<TaskInstance: dbt_hourly_refresh.run_dbt_models scheduled__2025-10-28T20:00:00+00:00 [queued]>
[2025-10-28T22:18:55.404+0100] {taskinstance.py:2612} INFO - Dependencies all met for dep_context=requeueable deps ti=<TaskInstance: dbt_hourly_refresh.run_dbt_models scheduled__2025-10-28T20:00:00+00:00 [queued]>
[2025-10-28T22:18:55.405+0100] {taskinstance.py:2865} INFO - Starting attempt 1 of 2
[2025-10-28T22:18:55.427+0100] {taskinstance.py:2888} INFO - Executing <Task(BashOperator): run_dbt_models> on 2025-10-28 20:00:00+00:00
[2025-10-28T22:18:55.441+0100] {standard_task_runner.py:104} INFO - Running: ['***', 'tasks', 'run', 'dbt_hourly_refresh', 'run_dbt_models', 'scheduled__2025-10-28T20:00:00+00:00', '--job-id', '75', '--raw', '--subdir', 'DAGS_FOLDER/dbt_hourly_refresh_dag.py', '--cfg-path', '/tmp/tmpt3_nr9cv']
[2025-10-28T22:18:55.448+0100] {standard_task_runner.py:105} INFO - Job 75: Subtask run_dbt_models
[2025-10-28T22:18:55.450+0100] {logging_mixin.py:190} WARNING - /home/***/.local/lib/python3.12/site-packages/***/task/task_runner/standard_task_runner.py:70 DeprecationWarning: This process (pid=260) is multi-threaded, use of fork() may lead to deadlocks in the child.
[2025-10-28T22:18:55.451+0100] {standard_task_runner.py:72} INFO - Started process 264 to run task
[2025-10-28T22:18:55.549+0100] {task_command.py:467} INFO - Running <TaskInstance: dbt_hourly_refresh.run_dbt_models scheduled__2025-10-28T20:00:00+00:00 [running]> on host ec63a10557d7
[2025-10-28T22:18:55.715+0100] {taskinstance.py:3131} INFO - Exporting env vars: AIRFLOW_CTX_DAG_OWNER='Aliostadi' AIRFLOW_CTX_DAG_ID='dbt_hourly_refresh' AIRFLOW_CTX_TASK_ID='run_dbt_models' AIRFLOW_CTX_EXECUTION_DATE='2025-10-28T20:00:00+00:00' AIRFLOW_CTX_TRY_NUMBER='1' AIRFLOW_CTX_DAG_RUN_ID='scheduled__2025-10-28T20:00:00+00:00'
[2025-10-28T22:18:55.716+0100] {taskinstance.py:731} INFO - ::endgroup::
[2025-10-28T22:18:55.774+0100] {subprocess.py:63} INFO - Tmp dir root location: /tmp
[2025-10-28T22:18:55.777+0100] {subprocess.py:75} INFO - Running command: ['/usr/bin/bash', '-c', 'cd /opt/***/dbt_project && dbt clean && dbt run --full-refresh']
[2025-10-28T22:18:55.797+0100] {subprocess.py:86} INFO - Output:
[2025-10-28T22:19:02.004+0100] {subprocess.py:93} INFO - [0m21:19:02  Running with dbt=1.8.3
[2025-10-28T22:19:02.604+0100] {subprocess.py:93} INFO - [0m21:19:02  Checking /opt/***/dbt_project/target/*
[2025-10-28T22:19:02.620+0100] {subprocess.py:93} INFO - [0m21:19:02  Cleaned /opt/***/dbt_project/target/*
[2025-10-28T22:19:02.622+0100] {subprocess.py:93} INFO - [0m21:19:02  Checking /opt/***/dbt_project/dbt_packages/*
[2025-10-28T22:19:02.623+0100] {subprocess.py:93} INFO - [0m21:19:02  Cleaned /opt/***/dbt_project/dbt_packages/*
[2025-10-28T22:19:02.624+0100] {subprocess.py:93} INFO - [0m21:19:02  Finished cleaning all paths.
[2025-10-28T22:19:08.635+0100] {subprocess.py:93} INFO - [0m21:19:08  Running with dbt=1.8.3
[2025-10-28T22:19:09.117+0100] {subprocess.py:93} INFO - [0m21:19:09  Registered adapter: postgres=1.8.2
[2025-10-28T22:19:09.387+0100] {subprocess.py:93} INFO - [0m21:19:09  Unable to do partial parsing because saved manifest not found. Starting full parse.
[2025-10-28T22:19:11.781+0100] {subprocess.py:93} INFO - [0m21:19:11  [[33mWARNING[0m]: Deprecated functionality
[2025-10-28T22:19:11.782+0100] {subprocess.py:93} INFO - The `tests` config has been renamed to `data_tests`. Please see
[2025-10-28T22:19:11.783+0100] {subprocess.py:93} INFO - https://docs.getdbt.com/docs/build/data-tests#new-data_tests-syntax for more
[2025-10-28T22:19:11.783+0100] {subprocess.py:93} INFO - information.
[2025-10-28T22:19:12.761+0100] {subprocess.py:93} INFO - [0m21:19:12  [[33mWARNING[0m]: Configuration paths exist in your dbt_project.yml file which do not apply to any resources.
[2025-10-28T22:19:12.763+0100] {subprocess.py:93} INFO - There are 1 unused configuration paths:
[2025-10-28T22:19:12.765+0100] {subprocess.py:93} INFO - - models.intermediters
[2025-10-28T22:19:13.317+0100] {subprocess.py:93} INFO - [0m21:19:13  Found 4 models, 8 data tests, 3 sources, 428 macros
[2025-10-28T22:19:13.331+0100] {subprocess.py:93} INFO - [0m21:19:13
[2025-10-28T22:19:13.612+0100] {subprocess.py:93} INFO - [0m21:19:13  Concurrency: 4 threads (target='dev')
[2025-10-28T22:19:13.614+0100] {subprocess.py:93} INFO - [0m21:19:13
[2025-10-28T22:19:13.644+0100] {subprocess.py:93} INFO - [0m21:19:13  1 of 4 START sql incremental model analytics.int_availability_station_hour ..... [RUN]
[2025-10-28T22:19:13.656+0100] {subprocess.py:93} INFO - [0m21:19:13  2 of 4 START sql incremental model analytics.int_performance_station_hour ...... [RUN]
[2025-10-28T22:19:13.664+0100] {subprocess.py:93} INFO - [0m21:19:13  3 of 4 START sql incremental model analytics.int_quality_station_hour .......... [RUN]
[2025-10-28T22:19:18.391+0100] {subprocess.py:93} INFO - [0m21:19:18  2 of 4 OK created sql incremental model analytics.int_performance_station_hour . [[32mSELECT 3091[0m in 4.71s]
[2025-10-28T22:19:25.944+0100] {subprocess.py:93} INFO - [0m21:19:25  1 of 4 OK created sql incremental model analytics.int_availability_station_hour  [[32mSELECT 718[0m in 12.30s]
[2025-10-28T22:19:33.667+0100] {subprocess.py:93} INFO - [0m21:19:33  3 of 4 OK created sql incremental model analytics.int_quality_station_hour ..... [[32mSELECT 3091[0m in 19.98s]
[2025-10-28T22:19:33.684+0100] {subprocess.py:93} INFO - [0m21:19:33  4 of 4 START sql incremental model analytics.int_quality_linewise_datehour ..... [RUN]
[2025-10-28T22:19:35.393+0100] {subprocess.py:93} INFO - [0m21:19:35  4 of 4 OK created sql incremental model analytics.int_quality_linewise_datehour  [[32mSELECT 396[0m in 1.71s]
[2025-10-28T22:19:35.438+0100] {subprocess.py:93} INFO - [0m21:19:35
[2025-10-28T22:19:35.439+0100] {subprocess.py:93} INFO - [0m21:19:35  Finished running 4 incremental models in 0 hours 0 minutes and 22.10 seconds (22.10s).
[2025-10-28T22:19:35.546+0100] {subprocess.py:93} INFO - [0m21:19:35
[2025-10-28T22:19:35.547+0100] {subprocess.py:93} INFO - [0m21:19:35  [32mCompleted successfully[0m
[2025-10-28T22:19:35.548+0100] {subprocess.py:93} INFO - [0m21:19:35
[2025-10-28T22:19:35.549+0100] {subprocess.py:93} INFO - [0m21:19:35  Done. PASS=4 WARN=0 ERROR=0 SKIP=0 TOTAL=4
[2025-10-28T22:19:36.750+0100] {subprocess.py:97} INFO - Command exited with return code 0
[2025-10-28T22:19:36.832+0100] {taskinstance.py:340} INFO - ::group::Post task execution logs
[2025-10-28T22:19:36.833+0100] {taskinstance.py:352} INFO - Marking task as SUCCESS. dag_id=dbt_hourly_refresh, task_id=run_dbt_models, run_id=scheduled__2025-10-28T20:00:00+00:00, execution_date=20251028T200000, start_date=20251028T211855, end_date=20251028T211936
[2025-10-28T22:19:36.883+0100] {local_task_job_runner.py:266} INFO - Task exited with return code 0
[2025-10-28T22:19:36.939+0100] {taskinstance.py:3900} INFO - 0 downstream tasks scheduled from follow-on schedule check
[2025-10-28T22:19:36.943+0100] {local_task_job_runner.py:245} INFO - ::endgroup::
