[2025-10-25T16:00:01.146+0200] {local_task_job_runner.py:123} INFO - ::group::Pre task execution logs
[2025-10-25T16:00:01.185+0200] {taskinstance.py:2612} INFO - Dependencies all met for dep_context=non-requeueable deps ti=<TaskInstance: dbt_hourly_refresh.run_dbt_models scheduled__2025-10-25T13:00:00+00:00 [queued]>
[2025-10-25T16:00:01.210+0200] {taskinstance.py:2612} INFO - Dependencies all met for dep_context=requeueable deps ti=<TaskInstance: dbt_hourly_refresh.run_dbt_models scheduled__2025-10-25T13:00:00+00:00 [queued]>
[2025-10-25T16:00:01.211+0200] {taskinstance.py:2865} INFO - Starting attempt 1 of 2
[2025-10-25T16:00:01.241+0200] {taskinstance.py:2888} INFO - Executing <Task(BashOperator): run_dbt_models> on 2025-10-25 13:00:00+00:00
[2025-10-25T16:00:01.256+0200] {standard_task_runner.py:104} INFO - Running: ['***', 'tasks', 'run', 'dbt_hourly_refresh', 'run_dbt_models', 'scheduled__2025-10-25T13:00:00+00:00', '--job-id', '49', '--raw', '--subdir', 'DAGS_FOLDER/dbt_hourly_refresh_dag.py', '--cfg-path', '/tmp/tmpd67mocfl']
[2025-10-25T16:00:01.264+0200] {standard_task_runner.py:105} INFO - Job 49: Subtask run_dbt_models
[2025-10-25T16:00:01.269+0200] {logging_mixin.py:190} WARNING - /home/***/.local/lib/python3.12/site-packages/***/task/task_runner/standard_task_runner.py:70 DeprecationWarning: This process (pid=898) is multi-threaded, use of fork() may lead to deadlocks in the child.
[2025-10-25T16:00:01.270+0200] {standard_task_runner.py:72} INFO - Started process 899 to run task
[2025-10-25T16:00:01.461+0200] {task_command.py:467} INFO - Running <TaskInstance: dbt_hourly_refresh.run_dbt_models scheduled__2025-10-25T13:00:00+00:00 [running]> on host 197aef1bec7d
[2025-10-25T16:00:01.722+0200] {taskinstance.py:3131} INFO - Exporting env vars: AIRFLOW_CTX_DAG_OWNER='Aliostadi' AIRFLOW_CTX_DAG_ID='dbt_hourly_refresh' AIRFLOW_CTX_TASK_ID='run_dbt_models' AIRFLOW_CTX_EXECUTION_DATE='2025-10-25T13:00:00+00:00' AIRFLOW_CTX_TRY_NUMBER='1' AIRFLOW_CTX_DAG_RUN_ID='scheduled__2025-10-25T13:00:00+00:00'
[2025-10-25T16:00:01.723+0200] {taskinstance.py:731} INFO - ::endgroup::
[2025-10-25T16:00:01.906+0200] {subprocess.py:63} INFO - Tmp dir root location: /tmp
[2025-10-25T16:00:01.910+0200] {subprocess.py:75} INFO - Running command: ['/usr/bin/bash', '-c', 'cd /opt/***/dbt_project && dbt clean && dbt run --full-refresh']
[2025-10-25T16:00:01.934+0200] {subprocess.py:86} INFO - Output:
[2025-10-25T16:00:06.791+0200] {subprocess.py:93} INFO - [0m14:00:06  Running with dbt=1.8.3
[2025-10-25T16:00:07.484+0200] {subprocess.py:93} INFO - [0m14:00:07  Checking /opt/***/dbt_project/dbt_packages/*
[2025-10-25T16:00:07.486+0200] {subprocess.py:93} INFO - [0m14:00:07  Cleaned /opt/***/dbt_project/dbt_packages/*
[2025-10-25T16:00:07.486+0200] {subprocess.py:93} INFO - [0m14:00:07  Checking /opt/***/dbt_project/target/*
[2025-10-25T16:00:07.499+0200] {subprocess.py:93} INFO - [0m14:00:07  Cleaned /opt/***/dbt_project/target/*
[2025-10-25T16:00:07.500+0200] {subprocess.py:93} INFO - [0m14:00:07  Finished cleaning all paths.
[2025-10-25T16:00:14.267+0200] {subprocess.py:93} INFO - [0m14:00:14  Running with dbt=1.8.3
[2025-10-25T16:00:14.922+0200] {subprocess.py:93} INFO - [0m14:00:14  Registered adapter: postgres=1.8.2
[2025-10-25T16:00:15.089+0200] {subprocess.py:93} INFO - [0m14:00:15  Unable to do partial parsing because saved manifest not found. Starting full parse.
[2025-10-25T16:00:17.320+0200] {subprocess.py:93} INFO - [0m14:00:17  [[33mWARNING[0m]: Deprecated functionality
[2025-10-25T16:00:17.321+0200] {subprocess.py:93} INFO - The `tests` config has been renamed to `data_tests`. Please see
[2025-10-25T16:00:17.321+0200] {subprocess.py:93} INFO - https://docs.getdbt.com/docs/build/data-tests#new-data_tests-syntax for more
[2025-10-25T16:00:17.322+0200] {subprocess.py:93} INFO - information.
[2025-10-25T16:00:17.977+0200] {subprocess.py:93} INFO - [0m14:00:17  [[33mWARNING[0m]: Configuration paths exist in your dbt_project.yml file which do not apply to any resources.
[2025-10-25T16:00:17.977+0200] {subprocess.py:93} INFO - There are 1 unused configuration paths:
[2025-10-25T16:00:17.978+0200] {subprocess.py:93} INFO - - models.intermediters
[2025-10-25T16:00:18.415+0200] {subprocess.py:93} INFO - [0m14:00:18  Found 3 models, 6 data tests, 3 sources, 428 macros
[2025-10-25T16:00:18.425+0200] {subprocess.py:93} INFO - [0m14:00:18
[2025-10-25T16:00:18.804+0200] {subprocess.py:93} INFO - [0m14:00:18  Concurrency: 4 threads (target='dev')
[2025-10-25T16:00:18.806+0200] {subprocess.py:93} INFO - [0m14:00:18
[2025-10-25T16:00:18.885+0200] {subprocess.py:93} INFO - [0m14:00:18  1 of 3 START sql incremental model analytics.int_performance_station_hour ...... [RUN]
[2025-10-25T16:00:18.887+0200] {subprocess.py:93} INFO - [0m14:00:18  2 of 3 START sql incremental model analytics.int_quality_station_hour .......... [RUN]
[2025-10-25T16:00:22.223+0200] {subprocess.py:93} INFO - [0m14:00:22  1 of 3 OK created sql incremental model analytics.int_performance_station_hour . [[32mSELECT 3083[0m in 3.31s]
[2025-10-25T16:00:35.797+0200] {subprocess.py:93} INFO - [0m14:00:35  2 of 3 OK created sql incremental model analytics.int_quality_station_hour ..... [[32mSELECT 3083[0m in 16.91s]
[2025-10-25T16:00:35.804+0200] {subprocess.py:93} INFO - [0m14:00:35  3 of 3 START sql incremental model analytics.int_quality_linewise_datehour ..... [RUN]
[2025-10-25T16:00:36.398+0200] {subprocess.py:93} INFO - [0m14:00:36  3 of 3 OK created sql incremental model analytics.int_quality_linewise_datehour  [[32mSELECT 395[0m in 0.59s]
[2025-10-25T16:00:36.428+0200] {subprocess.py:93} INFO - [0m14:00:36
[2025-10-25T16:00:36.428+0200] {subprocess.py:93} INFO - [0m14:00:36  Finished running 3 incremental models in 0 hours 0 minutes and 18.00 seconds (18.00s).
[2025-10-25T16:00:36.483+0200] {subprocess.py:93} INFO - [0m14:00:36
[2025-10-25T16:00:36.484+0200] {subprocess.py:93} INFO - [0m14:00:36  [32mCompleted successfully[0m
[2025-10-25T16:00:36.485+0200] {subprocess.py:93} INFO - [0m14:00:36
[2025-10-25T16:00:36.486+0200] {subprocess.py:93} INFO - [0m14:00:36  Done. PASS=3 WARN=0 ERROR=0 SKIP=0 TOTAL=3
[2025-10-25T16:00:37.592+0200] {subprocess.py:97} INFO - Command exited with return code 0
[2025-10-25T16:00:37.742+0200] {taskinstance.py:340} INFO - ::group::Post task execution logs
[2025-10-25T16:00:37.743+0200] {taskinstance.py:352} INFO - Marking task as SUCCESS. dag_id=dbt_hourly_refresh, task_id=run_dbt_models, run_id=scheduled__2025-10-25T13:00:00+00:00, execution_date=20251025T130000, start_date=20251025T140001, end_date=20251025T140037
[2025-10-25T16:00:37.790+0200] {local_task_job_runner.py:266} INFO - Task exited with return code 0
[2025-10-25T16:00:37.817+0200] {taskinstance.py:3900} INFO - 0 downstream tasks scheduled from follow-on schedule check
[2025-10-25T16:00:37.820+0200] {local_task_job_runner.py:245} INFO - ::endgroup::
